Running SLURM prolog script on pink58
===============================================================================
Job started on Sun Aug  5 04:18:32 BST 2018
Job ID          : 123886
Job name        : saliency-batch
WorkDir         : /mainfs/lyceum/grm1g17/lasagne4bio/test_saliency
Partition       : lyceum
Num hosts       : 1
Num cores       : 14
Num of tasks    : 14
Hosts allocated : pink58
Job Output Follows ...
===============================================================================
/lyceum/grm1g17/.conda/envs/localenv/lib/python3.5/importlib/_bootstrap.py:222: RuntimeWarning: numpy.dtype size changed, may indicate binary incompatibility. Expected 96, got 88
  return f(*args, **kwds)
INFO (theano.gof.compilelock): Waiting for existing lock by process '43948' (I am process '9017')
INFO (theano.gof.compilelock): To manually release the lock, delete /mainfs/lyceum/grm1g17/.theano/compiledir_Linux-3.10-el7.x86_64-x86_64-with-redhat-7.4-Maipo-x86_64-3.5.5-64/lock_dir
INFO (theano.gof.compilelock): Waiting for existing lock by process '43948' (I am process '9017')
INFO (theano.gof.compilelock): To manually release the lock, delete /mainfs/lyceum/grm1g17/.theano/compiledir_Linux-3.10-el7.x86_64-x86_64-with-redhat-7.4-Maipo-x86_64-3.5.5-64/lock_dir
INFO (theano.gof.compilelock): Waiting for existing lock by process '43948' (I am process '9017')
INFO (theano.gof.compilelock): To manually release the lock, delete /mainfs/lyceum/grm1g17/.theano/compiledir_Linux-3.10-el7.x86_64-x86_64-with-redhat-7.4-Maipo-x86_64-3.5.5-64/lock_dir
INFO (theano.gof.compilelock): Waiting for existing lock by process '43948' (I am process '9017')
INFO (theano.gof.compilelock): To manually release the lock, delete /mainfs/lyceum/grm1g17/.theano/compiledir_Linux-3.10-el7.x86_64-x86_64-with-redhat-7.4-Maipo-x86_64-3.5.5-64/lock_dir
INFO (theano.gof.compilelock): Waiting for existing lock by process '43948' (I am process '9017')
INFO (theano.gof.compilelock): To manually release the lock, delete /mainfs/lyceum/grm1g17/.theano/compiledir_Linux-3.10-el7.x86_64-x86_64-with-redhat-7.4-Maipo-x86_64-3.5.5-64/lock_dir
INFO (theano.gof.compilelock): Waiting for existing lock by process '43948' (I am process '9017')
INFO (theano.gof.compilelock): To manually release the lock, delete /mainfs/lyceum/grm1g17/.theano/compiledir_Linux-3.10-el7.x86_64-x86_64-with-redhat-7.4-Maipo-x86_64-3.5.5-64/lock_dir
INFO (theano.gof.compilelock): Waiting for existing lock by process '43948' (I am process '9017')
INFO (theano.gof.compilelock): To manually release the lock, delete /mainfs/lyceum/grm1g17/.theano/compiledir_Linux-3.10-el7.x86_64-x86_64-with-redhat-7.4-Maipo-x86_64-3.5.5-64/lock_dir
INFO (theano.gof.compilelock): Waiting for existing lock by process '43948' (I am process '9017')
INFO (theano.gof.compilelock): To manually release the lock, delete /mainfs/lyceum/grm1g17/.theano/compiledir_Linux-3.10-el7.x86_64-x86_64-with-redhat-7.4-Maipo-x86_64-3.5.5-64/lock_dir
INFO (theano.gof.compilelock): Waiting for existing lock by process '43948' (I am process '9017')
INFO (theano.gof.compilelock): To manually release the lock, delete /mainfs/lyceum/grm1g17/.theano/compiledir_Linux-3.10-el7.x86_64-x86_64-with-redhat-7.4-Maipo-x86_64-3.5.5-64/lock_dir
Using cuDNN version 7005 on context None
Mapped name None to device cuda: GeForce GTX 1080 Ti (0000:82:00.0)
/lyceum/grm1g17/.conda/envs/localenv/lib/python3.5/importlib/_bootstrap.py:222: RuntimeWarning: numpy.dtype size changed, may indicate binary incompatibility. Expected 96, got 88
  return f(*args, **kwds)
Using Theano backend.
INFO (theano.gof.compilelock): Waiting for existing lock by process '44531' (I am process '9017')
INFO (theano.gof.compilelock): To manually release the lock, delete /mainfs/lyceum/grm1g17/.theano/compiledir_Linux-3.10-el7.x86_64-x86_64-with-redhat-7.4-Maipo-x86_64-3.5.5-64/lock_dir
INFO (theano.gof.compilelock): Waiting for existing lock by process '44531' (I am process '9017')
INFO (theano.gof.compilelock): To manually release the lock, delete /mainfs/lyceum/grm1g17/.theano/compiledir_Linux-3.10-el7.x86_64-x86_64-with-redhat-7.4-Maipo-x86_64-3.5.5-64/lock_dir
INFO (theano.gof.compilelock): Waiting for existing lock by process '44531' (I am process '9017')
INFO (theano.gof.compilelock): To manually release the lock, delete /mainfs/lyceum/grm1g17/.theano/compiledir_Linux-3.10-el7.x86_64-x86_64-with-redhat-7.4-Maipo-x86_64-3.5.5-64/lock_dir
INFO (theano.gof.compilelock): Waiting for existing lock by process '44531' (I am process '9017')
INFO (theano.gof.compilelock): To manually release the lock, delete /mainfs/lyceum/grm1g17/.theano/compiledir_Linux-3.10-el7.x86_64-x86_64-with-redhat-7.4-Maipo-x86_64-3.5.5-64/lock_dir
INFO (theano.gof.compilelock): Waiting for existing lock by process '44531' (I am process '9017')
INFO (theano.gof.compilelock): To manually release the lock, delete /mainfs/lyceum/grm1g17/.theano/compiledir_Linux-3.10-el7.x86_64-x86_64-with-redhat-7.4-Maipo-x86_64-3.5.5-64/lock_dir
INFO (theano.gof.compilelock): Waiting for existing lock by process '44531' (I am process '9017')
INFO (theano.gof.compilelock): To manually release the lock, delete /mainfs/lyceum/grm1g17/.theano/compiledir_Linux-3.10-el7.x86_64-x86_64-with-redhat-7.4-Maipo-x86_64-3.5.5-64/lock_dir
INFO (theano.gof.compilelock): Waiting for existing lock by process '44531' (I am process '9017')
INFO (theano.gof.compilelock): To manually release the lock, delete /mainfs/lyceum/grm1g17/.theano/compiledir_Linux-3.10-el7.x86_64-x86_64-with-redhat-7.4-Maipo-x86_64-3.5.5-64/lock_dir
INFO (theano.gof.compilelock): Waiting for existing lock by process '44531' (I am process '9017')
INFO (theano.gof.compilelock): To manually release the lock, delete /mainfs/lyceum/grm1g17/.theano/compiledir_Linux-3.10-el7.x86_64-x86_64-with-redhat-7.4-Maipo-x86_64-3.5.5-64/lock_dir
INFO (theano.gof.compilelock): Waiting for existing lock by process '44531' (I am process '9017')
INFO (theano.gof.compilelock): To manually release the lock, delete /mainfs/lyceum/grm1g17/.theano/compiledir_Linux-3.10-el7.x86_64-x86_64-with-redhat-7.4-Maipo-x86_64-3.5.5-64/lock_dir
INFO (theano.gof.compilelock): Waiting for existing lock by process '44531' (I am process '9017')
INFO (theano.gof.compilelock): To manually release the lock, delete /mainfs/lyceum/grm1g17/.theano/compiledir_Linux-3.10-el7.x86_64-x86_64-with-redhat-7.4-Maipo-x86_64-3.5.5-64/lock_dir
INFO (theano.gof.compilelock): Waiting for existing lock by process '44531' (I am process '9017')
INFO (theano.gof.compilelock): To manually release the lock, delete /mainfs/lyceum/grm1g17/.theano/compiledir_Linux-3.10-el7.x86_64-x86_64-with-redhat-7.4-Maipo-x86_64-3.5.5-64/lock_dir
INFO (theano.gof.compilelock): Waiting for existing lock by process '44531' (I am process '9017')
INFO (theano.gof.compilelock): To manually release the lock, delete /mainfs/lyceum/grm1g17/.theano/compiledir_Linux-3.10-el7.x86_64-x86_64-with-redhat-7.4-Maipo-x86_64-3.5.5-64/lock_dir
INFO (theano.gof.compilelock): Waiting for existing lock by process '44531' (I am process '9017')
INFO (theano.gof.compilelock): To manually release the lock, delete /mainfs/lyceum/grm1g17/.theano/compiledir_Linux-3.10-el7.x86_64-x86_64-with-redhat-7.4-Maipo-x86_64-3.5.5-64/lock_dir
INFO (theano.gof.compilelock): Waiting for existing lock by process '44531' (I am process '9017')
INFO (theano.gof.compilelock): To manually release the lock, delete /mainfs/lyceum/grm1g17/.theano/compiledir_Linux-3.10-el7.x86_64-x86_64-with-redhat-7.4-Maipo-x86_64-3.5.5-64/lock_dir
INFO (theano.gof.compilelock): Waiting for existing lock by process '45306' (I am process '9017')
INFO (theano.gof.compilelock): To manually release the lock, delete /mainfs/lyceum/grm1g17/.theano/compiledir_Linux-3.10-el7.x86_64-x86_64-with-redhat-7.4-Maipo-x86_64-3.5.5-64/lock_dir
INFO (theano.gof.compilelock): Waiting for existing lock by process '45306' (I am process '9017')
INFO (theano.gof.compilelock): To manually release the lock, delete /mainfs/lyceum/grm1g17/.theano/compiledir_Linux-3.10-el7.x86_64-x86_64-with-redhat-7.4-Maipo-x86_64-3.5.5-64/lock_dir
INFO (theano.gof.compilelock): Waiting for existing lock by process '45306' (I am process '9017')
INFO (theano.gof.compilelock): To manually release the lock, delete /mainfs/lyceum/grm1g17/.theano/compiledir_Linux-3.10-el7.x86_64-x86_64-with-redhat-7.4-Maipo-x86_64-3.5.5-64/lock_dir
INFO (theano.gof.compilelock): Waiting for existing lock by process '45306' (I am process '9017')
INFO (theano.gof.compilelock): To manually release the lock, delete /mainfs/lyceum/grm1g17/.theano/compiledir_Linux-3.10-el7.x86_64-x86_64-with-redhat-7.4-Maipo-x86_64-3.5.5-64/lock_dir
INFO (theano.gof.compilelock): Waiting for existing lock by process '45306' (I am process '9017')
INFO (theano.gof.compilelock): To manually release the lock, delete /mainfs/lyceum/grm1g17/.theano/compiledir_Linux-3.10-el7.x86_64-x86_64-with-redhat-7.4-Maipo-x86_64-3.5.5-64/lock_dir
INFO (theano.gof.compilelock): Waiting for existing lock by process '45306' (I am process '9017')
INFO (theano.gof.compilelock): To manually release the lock, delete /mainfs/lyceum/grm1g17/.theano/compiledir_Linux-3.10-el7.x86_64-x86_64-with-redhat-7.4-Maipo-x86_64-3.5.5-64/lock_dir
INFO (theano.gof.compilelock): Waiting for existing lock by process '45306' (I am process '9017')
INFO (theano.gof.compilelock): To manually release the lock, delete /mainfs/lyceum/grm1g17/.theano/compiledir_Linux-3.10-el7.x86_64-x86_64-with-redhat-7.4-Maipo-x86_64-3.5.5-64/lock_dir
INFO (theano.gof.compilelock): Waiting for existing lock by process '45306' (I am process '9017')
INFO (theano.gof.compilelock): To manually release the lock, delete /mainfs/lyceum/grm1g17/.theano/compiledir_Linux-3.10-el7.x86_64-x86_64-with-redhat-7.4-Maipo-x86_64-3.5.5-64/lock_dir
INFO (theano.gof.compilelock): Waiting for existing lock by process '45306' (I am process '9017')
INFO (theano.gof.compilelock): To manually release the lock, delete /mainfs/lyceum/grm1g17/.theano/compiledir_Linux-3.10-el7.x86_64-x86_64-with-redhat-7.4-Maipo-x86_64-3.5.5-64/lock_dir
INFO (theano.gof.compilelock): Waiting for existing lock by process '45306' (I am process '9017')
INFO (theano.gof.compilelock): To manually release the lock, delete /mainfs/lyceum/grm1g17/.theano/compiledir_Linux-3.10-el7.x86_64-x86_64-with-redhat-7.4-Maipo-x86_64-3.5.5-64/lock_dir
INFO (theano.gof.compilelock): Waiting for existing lock by process '45306' (I am process '9017')
INFO (theano.gof.compilelock): To manually release the lock, delete /mainfs/lyceum/grm1g17/.theano/compiledir_Linux-3.10-el7.x86_64-x86_64-with-redhat-7.4-Maipo-x86_64-3.5.5-64/lock_dir
INFO (theano.gof.compilelock): Waiting for existing lock by process '45306' (I am process '9017')
INFO (theano.gof.compilelock): To manually release the lock, delete /mainfs/lyceum/grm1g17/.theano/compiledir_Linux-3.10-el7.x86_64-x86_64-with-redhat-7.4-Maipo-x86_64-3.5.5-64/lock_dir
INFO (theano.gof.compilelock): Waiting for existing lock by process '45306' (I am process '9017')
INFO (theano.gof.compilelock): To manually release the lock, delete /mainfs/lyceum/grm1g17/.theano/compiledir_Linux-3.10-el7.x86_64-x86_64-with-redhat-7.4-Maipo-x86_64-3.5.5-64/lock_dir
Train path is downloaded ...
Loading train data ...
Loading splits ...
Using configurations: 'pureConv'
Build model
Build eval function
Load parameters
Compute saliencies
0
1
2
3
4
5
Traceback (most recent call last):
  File "/lyceum/grm1g17/.conda/envs/localenv/lib/python3.5/site-packages/theano/compile/function_module.py", line 903, in __call__
    self.fn() if output_subset is None else\
  File "/lyceum/grm1g17/.conda/envs/localenv/lib/python3.5/site-packages/theano/scan_module/scan_op.py", line 963, in rval
    r = p(n, [x[0] for x in i], o)
  File "/lyceum/grm1g17/.conda/envs/localenv/lib/python3.5/site-packages/theano/scan_module/scan_op.py", line 952, in p
    self, node)
  File "theano/scan_module/scan_perform.pyx", line 522, in theano.scan_module.scan_perform.perform (/mainfs/lyceum/grm1g17/.theano/compiledir_Linux-3.10-el7.x86_64-x86_64-with-redhat-7.4-Maipo-x86_64-3.5.5-64/scan_perform/mod.cpp:6179)
  File "/lyceum/grm1g17/.conda/envs/localenv/lib/python3.5/site-packages/theano/gpuarray/type.py", line 375, in value_zeros
    context=self.context)
  File "pygpu/gpuarray.pyx", line 682, in pygpu.gpuarray.zeros
  File "pygpu/gpuarray.pyx", line 762, in pygpu.gpuarray.empty
  File "pygpu/gpuarray.pyx", line 700, in pygpu.gpuarray.pygpu_empty
  File "pygpu/gpuarray.pyx", line 301, in pygpu.gpuarray.array_empty
pygpu.gpuarray.GpuArrayException: b'cuMemAlloc: CUDA_ERROR_OUT_OF_MEMORY: out of memory'

During handling of the above exception, another exception occurred:

Traceback (most recent call last):
  File "saliency.py", line 295, in <module>
    main_saliencies_jurtz()
  File "saliency.py", line 242, in main_saliencies_jurtz
    compute_tensor_jurtz(X[idx], mask[idx], args)
  File "saliency.py", line 210, in compute_tensor_jurtz
    grads = get_gradients(X)
  File "/lyceum/grm1g17/.conda/envs/localenv/lib/python3.5/site-packages/theano/compile/function_module.py", line 917, in __call__
    storage_map=getattr(self.fn, 'storage_map', None))
  File "/lyceum/grm1g17/.conda/envs/localenv/lib/python3.5/site-packages/theano/gof/link.py", line 325, in raise_with_op
    reraise(exc_type, exc_value, exc_trace)
  File "/lyceum/grm1g17/.conda/envs/localenv/lib/python3.5/site-packages/six.py", line 692, in reraise
    raise value.with_traceback(tb)
  File "/lyceum/grm1g17/.conda/envs/localenv/lib/python3.5/site-packages/theano/compile/function_module.py", line 903, in __call__
    self.fn() if output_subset is None else\
  File "/lyceum/grm1g17/.conda/envs/localenv/lib/python3.5/site-packages/theano/scan_module/scan_op.py", line 963, in rval
    r = p(n, [x[0] for x in i], o)
  File "/lyceum/grm1g17/.conda/envs/localenv/lib/python3.5/site-packages/theano/scan_module/scan_op.py", line 952, in p
    self, node)
  File "theano/scan_module/scan_perform.pyx", line 522, in theano.scan_module.scan_perform.perform (/mainfs/lyceum/grm1g17/.theano/compiledir_Linux-3.10-el7.x86_64-x86_64-with-redhat-7.4-Maipo-x86_64-3.5.5-64/scan_perform/mod.cpp:6179)
  File "/lyceum/grm1g17/.conda/envs/localenv/lib/python3.5/site-packages/theano/gpuarray/type.py", line 375, in value_zeros
    context=self.context)
  File "pygpu/gpuarray.pyx", line 682, in pygpu.gpuarray.zeros
  File "pygpu/gpuarray.pyx", line 762, in pygpu.gpuarray.empty
  File "pygpu/gpuarray.pyx", line 700, in pygpu.gpuarray.pygpu_empty
  File "pygpu/gpuarray.pyx", line 301, in pygpu.gpuarray.array_empty
pygpu.gpuarray.GpuArrayException: b'cuMemAlloc: CUDA_ERROR_OUT_OF_MEMORY: out of memory'
Apply node that caused the error: for{gpu,scan_fn}(TensorConstant{588}, GpuArrayConstant{[  0   1   2   3   4   5   6   7   8   9  10  11  12  13  14  15  16  17
  18  19  20  21  22  23  24  25  26  27  28  29  30  31  32  33  34  35
  36  37  38  39  40  41  42  43  44  45  46  47  48  49  50  51  52  53
  54  55  56  57  58  59  60  61  62  63  64  65  66  67  68  69  70  71
  72  73  74  75  76  77  78  79  80  81  82  83  84  85  86  87  88  89
  90  91  92  93  94  95  96  97  98  99 100 101 102 103 104 105 106 107
 108 109 110 111 112 113 114 115 116 117 118 119 120 121 122 123 124 125
 126 127 128 129 130 131 132 133 134 135 136 137 138 139 140 141 142 143
 144 145 146 147 148 149 150 151 152 153 154 155 156 157 158 159 160 161
 162 163 164 165 166 167 168 169 170 171 172 173 174 175 176 177 178 179
 180 181 182 183 184 185 186 187 188 189 190 191 192 193 194 195 196 197
 198 199 200 201 202 203 204 205 206 207 208 209 210 211 212 213 214 215
 216 217 218 219 220 221 222 223 224 225 226 227 228 229 230 231 232 233
 234 235 236 237 238 239 240 241 242 243 244 245 246 247 248 249 250 251
 252 253 254 255 256 257 258 259 260 261 262 263 264 265 266 267 268 269
 270 271 272 273 274 275 276 277 278 279 280 281 282 283 284 285 286 287
 288 289 290 291 292 293 294 295 296 297 298 299 300 301 302 303 304 305
 306 307 308 309 310 311 312 313 314 315 316 317 318 319 320 321 322 323
 324 325 326 327 328 329 330 331 332 333 334 335 336 337 338 339 340 341
 342 343 344 345 346 347 348 349 350 351 352 353 354 355 356 357 358 359
 360 361 362 363 364 365 366 367 368 369 370 371 372 373 374 375 376 377
 378 379 380 381 382 383 384 385 386 387 388 389 390 391 392 393 394 395
 396 397 398 399 400 401 402 403 404 405 406 407 408 409 410 411 412 413
 414 415 416 417 418 419 420 421 422 423 424 425 426 427 428 429 430 431
 432 433 434 435 436 437 438 439 440 441 442 443 444 445 446 447 448 449
 450 451 452 453 454 455 456 457 458 459 460 461 462 463 464 465 466 467
 468 469 470 471 472 473 474 475 476 477 478 479 480 481 482 483 484 485
 486 487 488 489 490 491 492 493 494 495 496 497 498 499 500 501 502 503
 504 505 506 507 508 509 510 511 512 513 514 515 516 517 518 519 520 521
 522 523 524 525 526 527 528 529 530 531 532 533 534 535 536 537 538 539
 540 541 542 543 544 545 546 547 548 549 550 551 552 553 554 555 556 557
 558 559 560 561 562 563 564 565 566 567 568 569 570 571 572 573 574 575
 576 577 578 579 580 581 582 583 584 585 586 587]}, TensorConstant{588}, GpuSubtensor{int64, :int64:, int64}.0, GpuFromHost<None>.0, GpuElemwise{Composite{sqrt((i0 + i1))}}[]<gpuarray>.0, InplaceGpuDimShuffle{x,0,x}.0, InplaceGpuDimShuffle{0,1,x,2}.0, GpuElemwise{sgn}[]<gpuarray>.0, InplaceGpuDimShuffle{x,0,x}.0, GpuElemwise{Composite{sqrt((i0 + i1))}}[]<gpuarray>.0, InplaceGpuDimShuffle{0,1,x,2}.0, InplaceGpuDimShuffle{x,0,x}.0, GpuElemwise{Composite{sqrt((i0 + i1))}}[]<gpuarray>.0, InplaceGpuDimShuffle{0,1,x,2}.0, GpuFromHost<None>.0, InplaceGpuDimShuffle{x,0,x}.0, GpuElemwise{Composite{sqrt((i0 + i1))}}[]<gpuarray>.0, InplaceGpuDimShuffle{0,1,x,2}.0, InplaceGpuDimShuffle{x,0,x}.0, GpuElemwise{Composite{sqrt((i0 + i1))}}[]<gpuarray>.0, InplaceGpuDimShuffle{0,1,x,2}.0, InplaceGpuDimShuffle{x,0,x}.0, GpuElemwise{Composite{sqrt((i0 + i1))}}[]<gpuarray>.0, InplaceGpuDimShuffle{0,1,x,2}.0, GpuFromHost<None>.0, InplaceGpuDimShuffle{x,0,x}.0, GpuElemwise{Composite{sqrt((i0 + i1))}}[]<gpuarray>.0, InplaceGpuDimShuffle{0,1,x,2}.0, InplaceGpuDimShuffle{x,0,x}.0, GpuElemwise{Composite{sqrt((i0 + i1))}}[]<gpuarray>.0, InplaceGpuDimShuffle{0,1,x,2}.0, InplaceGpuDimShuffle{x,0,x}.0, GpuElemwise{Composite{sqrt((i0 + i1))}}[]<gpuarray>.0, InplaceGpuDimShuffle{0,1,x,2}.0, GpuFromHost<None>.0, GpuFromHost<None>.0, InplaceGpuDimShuffle{1,0}.0, GpuElemwise{Composite{sqrt((i0 + i1))}}[]<gpuarray>.0, InplaceGpuDimShuffle{x,0}.0, GpuElemwise{sgn}[]<gpuarray>.0, InplaceGpuDimShuffle{1,0}.0, GpuSoftmaxWithBias.0, GpuFromHost<None>.0, GpuElemwise{Sgn}[(0, 0)]<gpuarray>.0, Rebroadcast{?,?,0}.0, GpuElemwise{Sgn}[(0, 0)]<gpuarray>.0, GpuElemwise{Sgn}[(0, 0)]<gpuarray>.0, GpuElemwise{Sgn}[(0, 0)]<gpuarray>.0, GpuElemwise{Sgn}[(0, 0)]<gpuarray>.0, GpuElemwise{Sgn}[(0, 0)]<gpuarray>.0, GpuElemwise{Sgn}[(0, 0)]<gpuarray>.0, GpuElemwise{Sgn}[(0, 0)]<gpuarray>.0)
Toposort index: 293
Inputs types: [TensorType(int64, scalar), GpuArrayType<None>(int64, vector), TensorType(int64, scalar), GpuArrayType<None>(float32, vector), GpuArrayType<None>(int64, vector), GpuArrayType<None>(float32, (True, False, True)), GpuArrayType<None>(float32, (True, False, True)), GpuArrayType<None>(float32, (False, False, True, False)), GpuArrayType<None>(float32, 3D), GpuArrayType<None>(float32, (True, False, True)), GpuArrayType<None>(float32, (True, False, True)), GpuArrayType<None>(float32, (False, False, True, False)), GpuArrayType<None>(float32, (True, False, True)), GpuArrayType<None>(float32, (True, False, True)), GpuArrayType<None>(float32, (False, False, True, False)), GpuArrayType<None>(int64, vector), GpuArrayType<None>(float32, (True, False, True)), GpuArrayType<None>(float32, (True, False, True)), GpuArrayType<None>(float32, (False, False, True, False)), GpuArrayType<None>(float32, (True, False, True)), GpuArrayType<None>(float32, (True, False, True)), GpuArrayType<None>(float32, (False, False, True, False)), GpuArrayType<None>(float32, (True, False, True)), GpuArrayType<None>(float32, (True, False, True)), GpuArrayType<None>(float32, (False, False, True, False)), GpuArrayType<None>(int64, vector), GpuArrayType<None>(float32, (True, False, True)), GpuArrayType<None>(float32, (True, False, True)), GpuArrayType<None>(float32, (False, False, True, False)), GpuArrayType<None>(float32, (True, False, True)), GpuArrayType<None>(float32, (True, False, True)), GpuArrayType<None>(float32, (False, False, True, False)), GpuArrayType<None>(float32, (True, False, True)), GpuArrayType<None>(float32, (True, False, True)), GpuArrayType<None>(float32, (False, False, True, False)), GpuArrayType<None>(int64, vector), GpuArrayType<None>(int64, vector), GpuArrayType<None>(float32, matrix), GpuArrayType<None>(float32, row), GpuArrayType<None>(float32, row), GpuArrayType<None>(float32, matrix), GpuArrayType<None>(float32, matrix), GpuArrayType<None>(float32, matrix), GpuArrayType<None>(int64, vector), GpuArrayType<None>(float32, 3D), GpuArrayType<None>(float32, 4D), GpuArrayType<None>(float32, 3D), GpuArrayType<None>(float32, 3D), GpuArrayType<None>(float32, 3D), GpuArrayType<None>(float32, 3D), GpuArrayType<None>(float32, 3D), GpuArrayType<None>(float32, 3D), GpuArrayType<None>(float32, 3D)]
Inputs shapes: [(), (588,), (), (588,), (2,), (1, 16, 1), (1, 16, 1), (16, 42, 1, 7), (64, 16, 700), (1, 16, 1), (1, 16, 1), (16, 42, 1, 5), (1, 16, 1), (1, 16, 1), (16, 42, 1, 3), (2,), (1, 16, 1), (1, 16, 1), (16, 90, 1, 7), (1, 16, 1), (1, 16, 1), (16, 90, 1, 5), (1, 16, 1), (1, 16, 1), (16, 90, 1, 3), (2,), (1, 16, 1), (1, 16, 1), (16, 138, 1, 7), (1, 16, 1), (1, 16, 1), (16, 138, 1, 5), (1, 16, 1), (1, 16, 1), (16, 138, 1, 3), (2,), (3,), (200, 186), (1, 200), (1, 200), (44800, 200), (8, 200), (44800, 8), (2,), (64, 16, 700), (64, 16, 1, 700), (64, 16, 700), (64, 16, 700), (64, 16, 700), (64, 16, 700), (64, 16, 700), (64, 16, 700), (64, 16, 700)]
Inputs strides: [(), (8,), (), (32,), (8,), (64, 4, 4), (64, 4, 4), (1176, 28, 28, 4), (44800, 2800, 4), (64, 4, 4), (64, 4, 4), (840, 20, 20, 4), (64, 4, 4), (64, 4, 4), (504, 12, 12, 4), (8,), (64, 4, 4), (64, 4, 4), (2520, 28, 28, 4), (64, 4, 4), (64, 4, 4), (1800, 20, 20, 4), (64, 4, 4), (64, 4, 4), (1080, 12, 12, 4), (8,), (64, 4, 4), (64, 4, 4), (3864, 28, 28, 4), (64, 4, 4), (64, 4, 4), (2760, 20, 20, 4), (64, 4, 4), (64, 4, 4), (1656, 12, 12, 4), (8,), (8,), (4, 800), (800, 4), (800, 4), (800, 4), (4, 32), (32, 4), (8,), (44800, 2800, 4), (44800, 2800, 2800, 4), (44800, 2800, 4), (44800, 2800, 4), (44800, 2800, 4), (44800, 2800, 4), (44800, 2800, 4), (44800, 2800, 4), (44800, 2800, 4)]
Inputs values: [array(588), 'not shown', array(588), 'not shown', gpuarray.array([  1, 700]), 'not shown', 'not shown', 'not shown', 'not shown', 'not shown', 'not shown', 'not shown', 'not shown', 'not shown', 'not shown', gpuarray.array([42, 48]), 'not shown', 'not shown', 'not shown', 'not shown', 'not shown', 'not shown', 'not shown', 'not shown', 'not shown', gpuarray.array([48, 90]), 'not shown', 'not shown', 'not shown', 'not shown', 'not shown', 'not shown', 'not shown', 'not shown', 'not shown', gpuarray.array([ 48, 138]), gpuarray.array([ 64, 700, 186]), 'not shown', 'not shown', 'not shown', 'not shown', 'not shown', 'not shown', gpuarray.array([44800,     8]), 'not shown', 'not shown', 'not shown', 'not shown', 'not shown', 'not shown', 'not shown', 'not shown', 'not shown']
Outputs clients: [[HostFromGpu(gpuarray)(for{gpu,scan_fn}.0)]]

HINT: Re-running with most Theano optimization disabled could give you a back-trace of when this node was created. This can be done with by setting the Theano flag 'optimizer=fast_compile'. If that does not work, Theano optimizations can be disabled with 'optimizer=None'.
HINT: Use the Theano flag 'exception_verbosity=high' for a debugprint and storage map footprint of this apply node.
/lyceum/grm1g17/.conda/envs/localenv/lib/python3.5/importlib/_bootstrap.py:222: RuntimeWarning: numpy.dtype size changed, may indicate binary incompatibility. Expected 96, got 88
  return f(*args, **kwds)
Using cuDNN version 7005 on context None
Mapped name None to device cuda: GeForce GTX 1080 Ti (0000:82:00.0)
/lyceum/grm1g17/.conda/envs/localenv/lib/python3.5/importlib/_bootstrap.py:222: RuntimeWarning: numpy.dtype size changed, may indicate binary incompatibility. Expected 96, got 88
  return f(*args, **kwds)
Using Theano backend.
INFO (theano.gof.compilelock): Waiting for existing lock by process '13771' (I am process '10322')
INFO (theano.gof.compilelock): To manually release the lock, delete /mainfs/lyceum/grm1g17/.theano/compiledir_Linux-3.10-el7.x86_64-x86_64-with-redhat-7.4-Maipo-x86_64-3.5.5-64/lock_dir
INFO (theano.gof.compilelock): Waiting for existing lock by process '13771' (I am process '10322')
INFO (theano.gof.compilelock): To manually release the lock, delete /mainfs/lyceum/grm1g17/.theano/compiledir_Linux-3.10-el7.x86_64-x86_64-with-redhat-7.4-Maipo-x86_64-3.5.5-64/lock_dir
INFO (theano.gof.compilelock): Waiting for existing lock by process '57000' (I am process '10322')
INFO (theano.gof.compilelock): To manually release the lock, delete /mainfs/lyceum/grm1g17/.theano/compiledir_Linux-3.10-el7.x86_64-x86_64-with-redhat-7.4-Maipo-x86_64-3.5.5-64/lock_dir
INFO (theano.gof.compilelock): Waiting for existing lock by process '57000' (I am process '10322')
INFO (theano.gof.compilelock): To manually release the lock, delete /mainfs/lyceum/grm1g17/.theano/compiledir_Linux-3.10-el7.x86_64-x86_64-with-redhat-7.4-Maipo-x86_64-3.5.5-64/lock_dir
INFO (theano.gof.compilelock): Waiting for existing lock by process '57000' (I am process '10322')
INFO (theano.gof.compilelock): To manually release the lock, delete /mainfs/lyceum/grm1g17/.theano/compiledir_Linux-3.10-el7.x86_64-x86_64-with-redhat-7.4-Maipo-x86_64-3.5.5-64/lock_dir
INFO (theano.gof.compilelock): Waiting for existing lock by process '57000' (I am process '10322')
INFO (theano.gof.compilelock): To manually release the lock, delete /mainfs/lyceum/grm1g17/.theano/compiledir_Linux-3.10-el7.x86_64-x86_64-with-redhat-7.4-Maipo-x86_64-3.5.5-64/lock_dir
INFO (theano.gof.compilelock): Waiting for existing lock by process '57000' (I am process '10322')
INFO (theano.gof.compilelock): To manually release the lock, delete /mainfs/lyceum/grm1g17/.theano/compiledir_Linux-3.10-el7.x86_64-x86_64-with-redhat-7.4-Maipo-x86_64-3.5.5-64/lock_dir
INFO (theano.gof.compilelock): Waiting for existing lock by process '57000' (I am process '10322')
INFO (theano.gof.compilelock): To manually release the lock, delete /mainfs/lyceum/grm1g17/.theano/compiledir_Linux-3.10-el7.x86_64-x86_64-with-redhat-7.4-Maipo-x86_64-3.5.5-64/lock_dir
Train path is downloaded ...
Loading train data ...
Loading splits ...
Using configurations: 'pureConv'
Build model
Build eval function
Load parameters
Compute saliencies
0
1
2
3
4
5
Traceback (most recent call last):
  File "/lyceum/grm1g17/.conda/envs/localenv/lib/python3.5/site-packages/theano/compile/function_module.py", line 903, in __call__
    self.fn() if output_subset is None else\
  File "/lyceum/grm1g17/.conda/envs/localenv/lib/python3.5/site-packages/theano/scan_module/scan_op.py", line 963, in rval
    r = p(n, [x[0] for x in i], o)
  File "/lyceum/grm1g17/.conda/envs/localenv/lib/python3.5/site-packages/theano/scan_module/scan_op.py", line 952, in p
    self, node)
  File "theano/scan_module/scan_perform.pyx", line 522, in theano.scan_module.scan_perform.perform (/mainfs/lyceum/grm1g17/.theano/compiledir_Linux-3.10-el7.x86_64-x86_64-with-redhat-7.4-Maipo-x86_64-3.5.5-64/scan_perform/mod.cpp:6179)
  File "/lyceum/grm1g17/.conda/envs/localenv/lib/python3.5/site-packages/theano/gpuarray/type.py", line 375, in value_zeros
    context=self.context)
  File "pygpu/gpuarray.pyx", line 682, in pygpu.gpuarray.zeros
  File "pygpu/gpuarray.pyx", line 762, in pygpu.gpuarray.empty
  File "pygpu/gpuarray.pyx", line 700, in pygpu.gpuarray.pygpu_empty
  File "pygpu/gpuarray.pyx", line 301, in pygpu.gpuarray.array_empty
pygpu.gpuarray.GpuArrayException: b'cuMemAlloc: CUDA_ERROR_OUT_OF_MEMORY: out of memory'

During handling of the above exception, another exception occurred:

Traceback (most recent call last):
  File "saliency.py", line 295, in <module>
    main_saliencies_jurtz()
  File "saliency.py", line 242, in main_saliencies_jurtz
    compute_tensor_jurtz(X[idx], mask[idx], args)
  File "saliency.py", line 210, in compute_tensor_jurtz
    grads = get_gradients(X)
  File "/lyceum/grm1g17/.conda/envs/localenv/lib/python3.5/site-packages/theano/compile/function_module.py", line 917, in __call__
    storage_map=getattr(self.fn, 'storage_map', None))
  File "/lyceum/grm1g17/.conda/envs/localenv/lib/python3.5/site-packages/theano/gof/link.py", line 325, in raise_with_op
    reraise(exc_type, exc_value, exc_trace)
  File "/lyceum/grm1g17/.conda/envs/localenv/lib/python3.5/site-packages/six.py", line 692, in reraise
    raise value.with_traceback(tb)
  File "/lyceum/grm1g17/.conda/envs/localenv/lib/python3.5/site-packages/theano/compile/function_module.py", line 903, in __call__
    self.fn() if output_subset is None else\
  File "/lyceum/grm1g17/.conda/envs/localenv/lib/python3.5/site-packages/theano/scan_module/scan_op.py", line 963, in rval
    r = p(n, [x[0] for x in i], o)
  File "/lyceum/grm1g17/.conda/envs/localenv/lib/python3.5/site-packages/theano/scan_module/scan_op.py", line 952, in p
    self, node)
  File "theano/scan_module/scan_perform.pyx", line 522, in theano.scan_module.scan_perform.perform (/mainfs/lyceum/grm1g17/.theano/compiledir_Linux-3.10-el7.x86_64-x86_64-with-redhat-7.4-Maipo-x86_64-3.5.5-64/scan_perform/mod.cpp:6179)
  File "/lyceum/grm1g17/.conda/envs/localenv/lib/python3.5/site-packages/theano/gpuarray/type.py", line 375, in value_zeros
    context=self.context)
  File "pygpu/gpuarray.pyx", line 682, in pygpu.gpuarray.zeros
  File "pygpu/gpuarray.pyx", line 762, in pygpu.gpuarray.empty
  File "pygpu/gpuarray.pyx", line 700, in pygpu.gpuarray.pygpu_empty
  File "pygpu/gpuarray.pyx", line 301, in pygpu.gpuarray.array_empty
pygpu.gpuarray.GpuArrayException: b'cuMemAlloc: CUDA_ERROR_OUT_OF_MEMORY: out of memory'
Apply node that caused the error: for{gpu,scan_fn}(TensorConstant{588}, GpuArrayConstant{[  0   1   2   3   4   5   6   7   8   9  10  11  12  13  14  15  16  17
  18  19  20  21  22  23  24  25  26  27  28  29  30  31  32  33  34  35
  36  37  38  39  40  41  42  43  44  45  46  47  48  49  50  51  52  53
  54  55  56  57  58  59  60  61  62  63  64  65  66  67  68  69  70  71
  72  73  74  75  76  77  78  79  80  81  82  83  84  85  86  87  88  89
  90  91  92  93  94  95  96  97  98  99 100 101 102 103 104 105 106 107
 108 109 110 111 112 113 114 115 116 117 118 119 120 121 122 123 124 125
 126 127 128 129 130 131 132 133 134 135 136 137 138 139 140 141 142 143
 144 145 146 147 148 149 150 151 152 153 154 155 156 157 158 159 160 161
 162 163 164 165 166 167 168 169 170 171 172 173 174 175 176 177 178 179
 180 181 182 183 184 185 186 187 188 189 190 191 192 193 194 195 196 197
 198 199 200 201 202 203 204 205 206 207 208 209 210 211 212 213 214 215
 216 217 218 219 220 221 222 223 224 225 226 227 228 229 230 231 232 233
 234 235 236 237 238 239 240 241 242 243 244 245 246 247 248 249 250 251
 252 253 254 255 256 257 258 259 260 261 262 263 264 265 266 267 268 269
 270 271 272 273 274 275 276 277 278 279 280 281 282 283 284 285 286 287
 288 289 290 291 292 293 294 295 296 297 298 299 300 301 302 303 304 305
 306 307 308 309 310 311 312 313 314 315 316 317 318 319 320 321 322 323
 324 325 326 327 328 329 330 331 332 333 334 335 336 337 338 339 340 341
 342 343 344 345 346 347 348 349 350 351 352 353 354 355 356 357 358 359
 360 361 362 363 364 365 366 367 368 369 370 371 372 373 374 375 376 377
 378 379 380 381 382 383 384 385 386 387 388 389 390 391 392 393 394 395
 396 397 398 399 400 401 402 403 404 405 406 407 408 409 410 411 412 413
 414 415 416 417 418 419 420 421 422 423 424 425 426 427 428 429 430 431
 432 433 434 435 436 437 438 439 440 441 442 443 444 445 446 447 448 449
 450 451 452 453 454 455 456 457 458 459 460 461 462 463 464 465 466 467
 468 469 470 471 472 473 474 475 476 477 478 479 480 481 482 483 484 485
 486 487 488 489 490 491 492 493 494 495 496 497 498 499 500 501 502 503
 504 505 506 507 508 509 510 511 512 513 514 515 516 517 518 519 520 521
 522 523 524 525 526 527 528 529 530 531 532 533 534 535 536 537 538 539
 540 541 542 543 544 545 546 547 548 549 550 551 552 553 554 555 556 557
 558 559 560 561 562 563 564 565 566 567 568 569 570 571 572 573 574 575
 576 577 578 579 580 581 582 583 584 585 586 587]}, TensorConstant{588}, GpuSubtensor{int64, :int64:, int64}.0, GpuFromHost<None>.0, GpuElemwise{Composite{sqrt((i0 + i1))}}[]<gpuarray>.0, InplaceGpuDimShuffle{x,0,x}.0, InplaceGpuDimShuffle{0,1,x,2}.0, GpuElemwise{sgn}[]<gpuarray>.0, InplaceGpuDimShuffle{x,0,x}.0, GpuElemwise{Composite{sqrt((i0 + i1))}}[]<gpuarray>.0, InplaceGpuDimShuffle{0,1,x,2}.0, InplaceGpuDimShuffle{x,0,x}.0, GpuElemwise{Composite{sqrt((i0 + i1))}}[]<gpuarray>.0, InplaceGpuDimShuffle{0,1,x,2}.0, GpuFromHost<None>.0, InplaceGpuDimShuffle{x,0,x}.0, GpuElemwise{Composite{sqrt((i0 + i1))}}[]<gpuarray>.0, InplaceGpuDimShuffle{0,1,x,2}.0, InplaceGpuDimShuffle{x,0,x}.0, GpuElemwise{Composite{sqrt((i0 + i1))}}[]<gpuarray>.0, InplaceGpuDimShuffle{0,1,x,2}.0, InplaceGpuDimShuffle{x,0,x}.0, GpuElemwise{Composite{sqrt((i0 + i1))}}[]<gpuarray>.0, InplaceGpuDimShuffle{0,1,x,2}.0, GpuFromHost<None>.0, InplaceGpuDimShuffle{x,0,x}.0, GpuElemwise{Composite{sqrt((i0 + i1))}}[]<gpuarray>.0, InplaceGpuDimShuffle{0,1,x,2}.0, InplaceGpuDimShuffle{x,0,x}.0, GpuElemwise{Composite{sqrt((i0 + i1))}}[]<gpuarray>.0, InplaceGpuDimShuffle{0,1,x,2}.0, InplaceGpuDimShuffle{x,0,x}.0, GpuElemwise{Composite{sqrt((i0 + i1))}}[]<gpuarray>.0, InplaceGpuDimShuffle{0,1,x,2}.0, GpuFromHost<None>.0, GpuFromHost<None>.0, InplaceGpuDimShuffle{1,0}.0, GpuElemwise{Composite{sqrt((i0 + i1))}}[]<gpuarray>.0, InplaceGpuDimShuffle{x,0}.0, GpuElemwise{sgn}[]<gpuarray>.0, InplaceGpuDimShuffle{1,0}.0, GpuSoftmaxWithBias.0, GpuFromHost<None>.0, GpuElemwise{Sgn}[(0, 0)]<gpuarray>.0, Rebroadcast{?,?,0}.0, GpuElemwise{Sgn}[(0, 0)]<gpuarray>.0, GpuElemwise{Sgn}[(0, 0)]<gpuarray>.0, GpuElemwise{Sgn}[(0, 0)]<gpuarray>.0, GpuElemwise{Sgn}[(0, 0)]<gpuarray>.0, GpuElemwise{Sgn}[(0, 0)]<gpuarray>.0, GpuElemwise{Sgn}[(0, 0)]<gpuarray>.0, GpuElemwise{Sgn}[(0, 0)]<gpuarray>.0)
Toposort index: 293
Inputs types: [TensorType(int64, scalar), GpuArrayType<None>(int64, vector), TensorType(int64, scalar), GpuArrayType<None>(float32, vector), GpuArrayType<None>(int64, vector), GpuArrayType<None>(float32, (True, False, True)), GpuArrayType<None>(float32, (True, False, True)), GpuArrayType<None>(float32, (False, False, True, False)), GpuArrayType<None>(float32, 3D), GpuArrayType<None>(float32, (True, False, True)), GpuArrayType<None>(float32, (True, False, True)), GpuArrayType<None>(float32, (False, False, True, False)), GpuArrayType<None>(float32, (True, False, True)), GpuArrayType<None>(float32, (True, False, True)), GpuArrayType<None>(float32, (False, False, True, False)), GpuArrayType<None>(int64, vector), GpuArrayType<None>(float32, (True, False, True)), GpuArrayType<None>(float32, (True, False, True)), GpuArrayType<None>(float32, (False, False, True, False)), GpuArrayType<None>(float32, (True, False, True)), GpuArrayType<None>(float32, (True, False, True)), GpuArrayType<None>(float32, (False, False, True, False)), GpuArrayType<None>(float32, (True, False, True)), GpuArrayType<None>(float32, (True, False, True)), GpuArrayType<None>(float32, (False, False, True, False)), GpuArrayType<None>(int64, vector), GpuArrayType<None>(float32, (True, False, True)), GpuArrayType<None>(float32, (True, False, True)), GpuArrayType<None>(float32, (False, False, True, False)), GpuArrayType<None>(float32, (True, False, True)), GpuArrayType<None>(float32, (True, False, True)), GpuArrayType<None>(float32, (False, False, True, False)), GpuArrayType<None>(float32, (True, False, True)), GpuArrayType<None>(float32, (True, False, True)), GpuArrayType<None>(float32, (False, False, True, False)), GpuArrayType<None>(int64, vector), GpuArrayType<None>(int64, vector), GpuArrayType<None>(float32, matrix), GpuArrayType<None>(float32, row), GpuArrayType<None>(float32, row), GpuArrayType<None>(float32, matrix), GpuArrayType<None>(float32, matrix), GpuArrayType<None>(float32, matrix), GpuArrayType<None>(int64, vector), GpuArrayType<None>(float32, 3D), GpuArrayType<None>(float32, 4D), GpuArrayType<None>(float32, 3D), GpuArrayType<None>(float32, 3D), GpuArrayType<None>(float32, 3D), GpuArrayType<None>(float32, 3D), GpuArrayType<None>(float32, 3D), GpuArrayType<None>(float32, 3D), GpuArrayType<None>(float32, 3D)]
Inputs shapes: [(), (588,), (), (588,), (2,), (1, 16, 1), (1, 16, 1), (16, 42, 1, 7), (64, 16, 700), (1, 16, 1), (1, 16, 1), (16, 42, 1, 5), (1, 16, 1), (1, 16, 1), (16, 42, 1, 3), (2,), (1, 16, 1), (1, 16, 1), (16, 90, 1, 7), (1, 16, 1), (1, 16, 1), (16, 90, 1, 5), (1, 16, 1), (1, 16, 1), (16, 90, 1, 3), (2,), (1, 16, 1), (1, 16, 1), (16, 138, 1, 7), (1, 16, 1), (1, 16, 1), (16, 138, 1, 5), (1, 16, 1), (1, 16, 1), (16, 138, 1, 3), (2,), (3,), (200, 186), (1, 200), (1, 200), (44800, 200), (8, 200), (44800, 8), (2,), (64, 16, 700), (64, 16, 1, 700), (64, 16, 700), (64, 16, 700), (64, 16, 700), (64, 16, 700), (64, 16, 700), (64, 16, 700), (64, 16, 700)]
Inputs strides: [(), (8,), (), (32,), (8,), (64, 4, 4), (64, 4, 4), (1176, 28, 28, 4), (44800, 2800, 4), (64, 4, 4), (64, 4, 4), (840, 20, 20, 4), (64, 4, 4), (64, 4, 4), (504, 12, 12, 4), (8,), (64, 4, 4), (64, 4, 4), (2520, 28, 28, 4), (64, 4, 4), (64, 4, 4), (1800, 20, 20, 4), (64, 4, 4), (64, 4, 4), (1080, 12, 12, 4), (8,), (64, 4, 4), (64, 4, 4), (3864, 28, 28, 4), (64, 4, 4), (64, 4, 4), (2760, 20, 20, 4), (64, 4, 4), (64, 4, 4), (1656, 12, 12, 4), (8,), (8,), (4, 800), (800, 4), (800, 4), (800, 4), (4, 32), (32, 4), (8,), (44800, 2800, 4), (44800, 2800, 2800, 4), (44800, 2800, 4), (44800, 2800, 4), (44800, 2800, 4), (44800, 2800, 4), (44800, 2800, 4), (44800, 2800, 4), (44800, 2800, 4)]
Inputs values: [array(588), 'not shown', array(588), 'not shown', gpuarray.array([  1, 700]), 'not shown', 'not shown', 'not shown', 'not shown', 'not shown', 'not shown', 'not shown', 'not shown', 'not shown', 'not shown', gpuarray.array([42, 48]), 'not shown', 'not shown', 'not shown', 'not shown', 'not shown', 'not shown', 'not shown', 'not shown', 'not shown', gpuarray.array([48, 90]), 'not shown', 'not shown', 'not shown', 'not shown', 'not shown', 'not shown', 'not shown', 'not shown', 'not shown', gpuarray.array([ 48, 138]), gpuarray.array([ 64, 700, 186]), 'not shown', 'not shown', 'not shown', 'not shown', 'not shown', 'not shown', gpuarray.array([44800,     8]), 'not shown', 'not shown', 'not shown', 'not shown', 'not shown', 'not shown', 'not shown', 'not shown', 'not shown']
Outputs clients: [[HostFromGpu(gpuarray)(for{gpu,scan_fn}.0)]]

HINT: Re-running with most Theano optimization disabled could give you a back-trace of when this node was created. This can be done with by setting the Theano flag 'optimizer=fast_compile'. If that does not work, Theano optimizations can be disabled with 'optimizer=None'.
HINT: Use the Theano flag 'exception_verbosity=high' for a debugprint and storage map footprint of this apply node.
/lyceum/grm1g17/.conda/envs/localenv/lib/python3.5/importlib/_bootstrap.py:222: RuntimeWarning: numpy.dtype size changed, may indicate binary incompatibility. Expected 96, got 88
  return f(*args, **kwds)
Using cuDNN version 7005 on context None
Mapped name None to device cuda: GeForce GTX 1080 Ti (0000:82:00.0)
/lyceum/grm1g17/.conda/envs/localenv/lib/python3.5/importlib/_bootstrap.py:222: RuntimeWarning: numpy.dtype size changed, may indicate binary incompatibility. Expected 96, got 88
  return f(*args, **kwds)
Using Theano backend.
INFO (theano.gof.compilelock): Waiting for existing lock by process '14203' (I am process '11193')
INFO (theano.gof.compilelock): To manually release the lock, delete /mainfs/lyceum/grm1g17/.theano/compiledir_Linux-3.10-el7.x86_64-x86_64-with-redhat-7.4-Maipo-x86_64-3.5.5-64/lock_dir
INFO (theano.gof.compilelock): Waiting for existing lock by process '14203' (I am process '11193')
INFO (theano.gof.compilelock): To manually release the lock, delete /mainfs/lyceum/grm1g17/.theano/compiledir_Linux-3.10-el7.x86_64-x86_64-with-redhat-7.4-Maipo-x86_64-3.5.5-64/lock_dir
INFO (theano.gof.compilelock): Waiting for existing lock by process '14203' (I am process '11193')
INFO (theano.gof.compilelock): To manually release the lock, delete /mainfs/lyceum/grm1g17/.theano/compiledir_Linux-3.10-el7.x86_64-x86_64-with-redhat-7.4-Maipo-x86_64-3.5.5-64/lock_dir
INFO (theano.gof.compilelock): Waiting for existing lock by process '14203' (I am process '11193')
INFO (theano.gof.compilelock): To manually release the lock, delete /mainfs/lyceum/grm1g17/.theano/compiledir_Linux-3.10-el7.x86_64-x86_64-with-redhat-7.4-Maipo-x86_64-3.5.5-64/lock_dir
Train path is downloaded ...
Loading train data ...
Loading splits ...
Using configurations: 'pureConv'
Build model
Build eval function
Load parameters
Compute saliencies
0
1
2
3
4
5
Traceback (most recent call last):
  File "/lyceum/grm1g17/.conda/envs/localenv/lib/python3.5/site-packages/theano/compile/function_module.py", line 903, in __call__
    self.fn() if output_subset is None else\
  File "/lyceum/grm1g17/.conda/envs/localenv/lib/python3.5/site-packages/theano/scan_module/scan_op.py", line 963, in rval
    r = p(n, [x[0] for x in i], o)
  File "/lyceum/grm1g17/.conda/envs/localenv/lib/python3.5/site-packages/theano/scan_module/scan_op.py", line 952, in p
    self, node)
  File "theano/scan_module/scan_perform.pyx", line 522, in theano.scan_module.scan_perform.perform (/mainfs/lyceum/grm1g17/.theano/compiledir_Linux-3.10-el7.x86_64-x86_64-with-redhat-7.4-Maipo-x86_64-3.5.5-64/scan_perform/mod.cpp:6179)
  File "/lyceum/grm1g17/.conda/envs/localenv/lib/python3.5/site-packages/theano/gpuarray/type.py", line 375, in value_zeros
    context=self.context)
  File "pygpu/gpuarray.pyx", line 682, in pygpu.gpuarray.zeros
  File "pygpu/gpuarray.pyx", line 762, in pygpu.gpuarray.empty
  File "pygpu/gpuarray.pyx", line 700, in pygpu.gpuarray.pygpu_empty
  File "pygpu/gpuarray.pyx", line 301, in pygpu.gpuarray.array_empty
pygpu.gpuarray.GpuArrayException: b'cuMemAlloc: CUDA_ERROR_OUT_OF_MEMORY: out of memory'

During handling of the above exception, another exception occurred:

Traceback (most recent call last):
  File "saliency.py", line 295, in <module>
    main_saliencies_jurtz()
  File "saliency.py", line 242, in main_saliencies_jurtz
    compute_tensor_jurtz(X[idx], mask[idx], args)
  File "saliency.py", line 210, in compute_tensor_jurtz
    grads = get_gradients(X)
  File "/lyceum/grm1g17/.conda/envs/localenv/lib/python3.5/site-packages/theano/compile/function_module.py", line 917, in __call__
    storage_map=getattr(self.fn, 'storage_map', None))
  File "/lyceum/grm1g17/.conda/envs/localenv/lib/python3.5/site-packages/theano/gof/link.py", line 325, in raise_with_op
    reraise(exc_type, exc_value, exc_trace)
  File "/lyceum/grm1g17/.conda/envs/localenv/lib/python3.5/site-packages/six.py", line 692, in reraise
    raise value.with_traceback(tb)
  File "/lyceum/grm1g17/.conda/envs/localenv/lib/python3.5/site-packages/theano/compile/function_module.py", line 903, in __call__
    self.fn() if output_subset is None else\
  File "/lyceum/grm1g17/.conda/envs/localenv/lib/python3.5/site-packages/theano/scan_module/scan_op.py", line 963, in rval
    r = p(n, [x[0] for x in i], o)
  File "/lyceum/grm1g17/.conda/envs/localenv/lib/python3.5/site-packages/theano/scan_module/scan_op.py", line 952, in p
    self, node)
  File "theano/scan_module/scan_perform.pyx", line 522, in theano.scan_module.scan_perform.perform (/mainfs/lyceum/grm1g17/.theano/compiledir_Linux-3.10-el7.x86_64-x86_64-with-redhat-7.4-Maipo-x86_64-3.5.5-64/scan_perform/mod.cpp:6179)
  File "/lyceum/grm1g17/.conda/envs/localenv/lib/python3.5/site-packages/theano/gpuarray/type.py", line 375, in value_zeros
    context=self.context)
  File "pygpu/gpuarray.pyx", line 682, in pygpu.gpuarray.zeros
  File "pygpu/gpuarray.pyx", line 762, in pygpu.gpuarray.empty
  File "pygpu/gpuarray.pyx", line 700, in pygpu.gpuarray.pygpu_empty
  File "pygpu/gpuarray.pyx", line 301, in pygpu.gpuarray.array_empty
pygpu.gpuarray.GpuArrayException: b'cuMemAlloc: CUDA_ERROR_OUT_OF_MEMORY: out of memory'
Apply node that caused the error: for{gpu,scan_fn}(TensorConstant{588}, GpuArrayConstant{[  0   1   2   3   4   5   6   7   8   9  10  11  12  13  14  15  16  17
  18  19  20  21  22  23  24  25  26  27  28  29  30  31  32  33  34  35
  36  37  38  39  40  41  42  43  44  45  46  47  48  49  50  51  52  53
  54  55  56  57  58  59  60  61  62  63  64  65  66  67  68  69  70  71
  72  73  74  75  76  77  78  79  80  81  82  83  84  85  86  87  88  89
  90  91  92  93  94  95  96  97  98  99 100 101 102 103 104 105 106 107
 108 109 110 111 112 113 114 115 116 117 118 119 120 121 122 123 124 125
 126 127 128 129 130 131 132 133 134 135 136 137 138 139 140 141 142 143
 144 145 146 147 148 149 150 151 152 153 154 155 156 157 158 159 160 161
 162 163 164 165 166 167 168 169 170 171 172 173 174 175 176 177 178 179
 180 181 182 183 184 185 186 187 188 189 190 191 192 193 194 195 196 197
 198 199 200 201 202 203 204 205 206 207 208 209 210 211 212 213 214 215
 216 217 218 219 220 221 222 223 224 225 226 227 228 229 230 231 232 233
 234 235 236 237 238 239 240 241 242 243 244 245 246 247 248 249 250 251
 252 253 254 255 256 257 258 259 260 261 262 263 264 265 266 267 268 269
 270 271 272 273 274 275 276 277 278 279 280 281 282 283 284 285 286 287
 288 289 290 291 292 293 294 295 296 297 298 299 300 301 302 303 304 305
 306 307 308 309 310 311 312 313 314 315 316 317 318 319 320 321 322 323
 324 325 326 327 328 329 330 331 332 333 334 335 336 337 338 339 340 341
 342 343 344 345 346 347 348 349 350 351 352 353 354 355 356 357 358 359
 360 361 362 363 364 365 366 367 368 369 370 371 372 373 374 375 376 377
 378 379 380 381 382 383 384 385 386 387 388 389 390 391 392 393 394 395
 396 397 398 399 400 401 402 403 404 405 406 407 408 409 410 411 412 413
 414 415 416 417 418 419 420 421 422 423 424 425 426 427 428 429 430 431
 432 433 434 435 436 437 438 439 440 441 442 443 444 445 446 447 448 449
 450 451 452 453 454 455 456 457 458 459 460 461 462 463 464 465 466 467
 468 469 470 471 472 473 474 475 476 477 478 479 480 481 482 483 484 485
 486 487 488 489 490 491 492 493 494 495 496 497 498 499 500 501 502 503
 504 505 506 507 508 509 510 511 512 513 514 515 516 517 518 519 520 521
 522 523 524 525 526 527 528 529 530 531 532 533 534 535 536 537 538 539
 540 541 542 543 544 545 546 547 548 549 550 551 552 553 554 555 556 557
 558 559 560 561 562 563 564 565 566 567 568 569 570 571 572 573 574 575
 576 577 578 579 580 581 582 583 584 585 586 587]}, TensorConstant{588}, GpuSubtensor{int64, :int64:, int64}.0, GpuFromHost<None>.0, GpuElemwise{Composite{sqrt((i0 + i1))}}[]<gpuarray>.0, InplaceGpuDimShuffle{x,0,x}.0, InplaceGpuDimShuffle{0,1,x,2}.0, GpuElemwise{sgn}[]<gpuarray>.0, InplaceGpuDimShuffle{x,0,x}.0, GpuElemwise{Composite{sqrt((i0 + i1))}}[]<gpuarray>.0, InplaceGpuDimShuffle{0,1,x,2}.0, InplaceGpuDimShuffle{x,0,x}.0, GpuElemwise{Composite{sqrt((i0 + i1))}}[]<gpuarray>.0, InplaceGpuDimShuffle{0,1,x,2}.0, GpuFromHost<None>.0, InplaceGpuDimShuffle{x,0,x}.0, GpuElemwise{Composite{sqrt((i0 + i1))}}[]<gpuarray>.0, InplaceGpuDimShuffle{0,1,x,2}.0, InplaceGpuDimShuffle{x,0,x}.0, GpuElemwise{Composite{sqrt((i0 + i1))}}[]<gpuarray>.0, InplaceGpuDimShuffle{0,1,x,2}.0, InplaceGpuDimShuffle{x,0,x}.0, GpuElemwise{Composite{sqrt((i0 + i1))}}[]<gpuarray>.0, InplaceGpuDimShuffle{0,1,x,2}.0, GpuFromHost<None>.0, InplaceGpuDimShuffle{x,0,x}.0, GpuElemwise{Composite{sqrt((i0 + i1))}}[]<gpuarray>.0, InplaceGpuDimShuffle{0,1,x,2}.0, InplaceGpuDimShuffle{x,0,x}.0, GpuElemwise{Composite{sqrt((i0 + i1))}}[]<gpuarray>.0, InplaceGpuDimShuffle{0,1,x,2}.0, InplaceGpuDimShuffle{x,0,x}.0, GpuElemwise{Composite{sqrt((i0 + i1))}}[]<gpuarray>.0, InplaceGpuDimShuffle{0,1,x,2}.0, GpuFromHost<None>.0, GpuFromHost<None>.0, InplaceGpuDimShuffle{1,0}.0, GpuElemwise{Composite{sqrt((i0 + i1))}}[]<gpuarray>.0, InplaceGpuDimShuffle{x,0}.0, GpuElemwise{sgn}[]<gpuarray>.0, InplaceGpuDimShuffle{1,0}.0, GpuSoftmaxWithBias.0, GpuFromHost<None>.0, GpuElemwise{Sgn}[(0, 0)]<gpuarray>.0, Rebroadcast{?,?,0}.0, GpuElemwise{Sgn}[(0, 0)]<gpuarray>.0, GpuElemwise{Sgn}[(0, 0)]<gpuarray>.0, GpuElemwise{Sgn}[(0, 0)]<gpuarray>.0, GpuElemwise{Sgn}[(0, 0)]<gpuarray>.0, GpuElemwise{Sgn}[(0, 0)]<gpuarray>.0, GpuElemwise{Sgn}[(0, 0)]<gpuarray>.0, GpuElemwise{Sgn}[(0, 0)]<gpuarray>.0)
Toposort index: 293
Inputs types: [TensorType(int64, scalar), GpuArrayType<None>(int64, vector), TensorType(int64, scalar), GpuArrayType<None>(float32, vector), GpuArrayType<None>(int64, vector), GpuArrayType<None>(float32, (True, False, True)), GpuArrayType<None>(float32, (True, False, True)), GpuArrayType<None>(float32, (False, False, True, False)), GpuArrayType<None>(float32, 3D), GpuArrayType<None>(float32, (True, False, True)), GpuArrayType<None>(float32, (True, False, True)), GpuArrayType<None>(float32, (False, False, True, False)), GpuArrayType<None>(float32, (True, False, True)), GpuArrayType<None>(float32, (True, False, True)), GpuArrayType<None>(float32, (False, False, True, False)), GpuArrayType<None>(int64, vector), GpuArrayType<None>(float32, (True, False, True)), GpuArrayType<None>(float32, (True, False, True)), GpuArrayType<None>(float32, (False, False, True, False)), GpuArrayType<None>(float32, (True, False, True)), GpuArrayType<None>(float32, (True, False, True)), GpuArrayType<None>(float32, (False, False, True, False)), GpuArrayType<None>(float32, (True, False, True)), GpuArrayType<None>(float32, (True, False, True)), GpuArrayType<None>(float32, (False, False, True, False)), GpuArrayType<None>(int64, vector), GpuArrayType<None>(float32, (True, False, True)), GpuArrayType<None>(float32, (True, False, True)), GpuArrayType<None>(float32, (False, False, True, False)), GpuArrayType<None>(float32, (True, False, True)), GpuArrayType<None>(float32, (True, False, True)), GpuArrayType<None>(float32, (False, False, True, False)), GpuArrayType<None>(float32, (True, False, True)), GpuArrayType<None>(float32, (True, False, True)), GpuArrayType<None>(float32, (False, False, True, False)), GpuArrayType<None>(int64, vector), GpuArrayType<None>(int64, vector), GpuArrayType<None>(float32, matrix), GpuArrayType<None>(float32, row), GpuArrayType<None>(float32, row), GpuArrayType<None>(float32, matrix), GpuArrayType<None>(float32, matrix), GpuArrayType<None>(float32, matrix), GpuArrayType<None>(int64, vector), GpuArrayType<None>(float32, 3D), GpuArrayType<None>(float32, 4D), GpuArrayType<None>(float32, 3D), GpuArrayType<None>(float32, 3D), GpuArrayType<None>(float32, 3D), GpuArrayType<None>(float32, 3D), GpuArrayType<None>(float32, 3D), GpuArrayType<None>(float32, 3D), GpuArrayType<None>(float32, 3D)]
Inputs shapes: [(), (588,), (), (588,), (2,), (1, 16, 1), (1, 16, 1), (16, 42, 1, 7), (64, 16, 700), (1, 16, 1), (1, 16, 1), (16, 42, 1, 5), (1, 16, 1), (1, 16, 1), (16, 42, 1, 3), (2,), (1, 16, 1), (1, 16, 1), (16, 90, 1, 7), (1, 16, 1), (1, 16, 1), (16, 90, 1, 5), (1, 16, 1), (1, 16, 1), (16, 90, 1, 3), (2,), (1, 16, 1), (1, 16, 1), (16, 138, 1, 7), (1, 16, 1), (1, 16, 1), (16, 138, 1, 5), (1, 16, 1), (1, 16, 1), (16, 138, 1, 3), (2,), (3,), (200, 186), (1, 200), (1, 200), (44800, 200), (8, 200), (44800, 8), (2,), (64, 16, 700), (64, 16, 1, 700), (64, 16, 700), (64, 16, 700), (64, 16, 700), (64, 16, 700), (64, 16, 700), (64, 16, 700), (64, 16, 700)]
Inputs strides: [(), (8,), (), (32,), (8,), (64, 4, 4), (64, 4, 4), (1176, 28, 28, 4), (44800, 2800, 4), (64, 4, 4), (64, 4, 4), (840, 20, 20, 4), (64, 4, 4), (64, 4, 4), (504, 12, 12, 4), (8,), (64, 4, 4), (64, 4, 4), (2520, 28, 28, 4), (64, 4, 4), (64, 4, 4), (1800, 20, 20, 4), (64, 4, 4), (64, 4, 4), (1080, 12, 12, 4), (8,), (64, 4, 4), (64, 4, 4), (3864, 28, 28, 4), (64, 4, 4), (64, 4, 4), (2760, 20, 20, 4), (64, 4, 4), (64, 4, 4), (1656, 12, 12, 4), (8,), (8,), (4, 800), (800, 4), (800, 4), (800, 4), (4, 32), (32, 4), (8,), (44800, 2800, 4), (44800, 2800, 2800, 4), (44800, 2800, 4), (44800, 2800, 4), (44800, 2800, 4), (44800, 2800, 4), (44800, 2800, 4), (44800, 2800, 4), (44800, 2800, 4)]
Inputs values: [array(588), 'not shown', array(588), 'not shown', gpuarray.array([  1, 700]), 'not shown', 'not shown', 'not shown', 'not shown', 'not shown', 'not shown', 'not shown', 'not shown', 'not shown', 'not shown', gpuarray.array([42, 48]), 'not shown', 'not shown', 'not shown', 'not shown', 'not shown', 'not shown', 'not shown', 'not shown', 'not shown', gpuarray.array([48, 90]), 'not shown', 'not shown', 'not shown', 'not shown', 'not shown', 'not shown', 'not shown', 'not shown', 'not shown', gpuarray.array([ 48, 138]), gpuarray.array([ 64, 700, 186]), 'not shown', 'not shown', 'not shown', 'not shown', 'not shown', 'not shown', gpuarray.array([44800,     8]), 'not shown', 'not shown', 'not shown', 'not shown', 'not shown', 'not shown', 'not shown', 'not shown', 'not shown']
Outputs clients: [[HostFromGpu(gpuarray)(for{gpu,scan_fn}.0)]]

HINT: Re-running with most Theano optimization disabled could give you a back-trace of when this node was created. This can be done with by setting the Theano flag 'optimizer=fast_compile'. If that does not work, Theano optimizations can be disabled with 'optimizer=None'.
HINT: Use the Theano flag 'exception_verbosity=high' for a debugprint and storage map footprint of this apply node.
/lyceum/grm1g17/.conda/envs/localenv/lib/python3.5/importlib/_bootstrap.py:222: RuntimeWarning: numpy.dtype size changed, may indicate binary incompatibility. Expected 96, got 88
  return f(*args, **kwds)
Using cuDNN version 7005 on context None
Mapped name None to device cuda: GeForce GTX 1080 Ti (0000:82:00.0)
/lyceum/grm1g17/.conda/envs/localenv/lib/python3.5/importlib/_bootstrap.py:222: RuntimeWarning: numpy.dtype size changed, may indicate binary incompatibility. Expected 96, got 88
  return f(*args, **kwds)
Using Theano backend.
INFO (theano.gof.compilelock): Waiting for existing lock by process '14768' (I am process '11884')
INFO (theano.gof.compilelock): To manually release the lock, delete /mainfs/lyceum/grm1g17/.theano/compiledir_Linux-3.10-el7.x86_64-x86_64-with-redhat-7.4-Maipo-x86_64-3.5.5-64/lock_dir
INFO (theano.gof.compilelock): Waiting for existing lock by process '14768' (I am process '11884')
INFO (theano.gof.compilelock): To manually release the lock, delete /mainfs/lyceum/grm1g17/.theano/compiledir_Linux-3.10-el7.x86_64-x86_64-with-redhat-7.4-Maipo-x86_64-3.5.5-64/lock_dir
INFO (theano.gof.compilelock): Waiting for existing lock by process '14768' (I am process '11884')
INFO (theano.gof.compilelock): To manually release the lock, delete /mainfs/lyceum/grm1g17/.theano/compiledir_Linux-3.10-el7.x86_64-x86_64-with-redhat-7.4-Maipo-x86_64-3.5.5-64/lock_dir
INFO (theano.gof.compilelock): Waiting for existing lock by process '14768' (I am process '11884')
INFO (theano.gof.compilelock): To manually release the lock, delete /mainfs/lyceum/grm1g17/.theano/compiledir_Linux-3.10-el7.x86_64-x86_64-with-redhat-7.4-Maipo-x86_64-3.5.5-64/lock_dir
INFO (theano.gof.compilelock): Waiting for existing lock by process '39833' (I am process '11884')
INFO (theano.gof.compilelock): To manually release the lock, delete /mainfs/lyceum/grm1g17/.theano/compiledir_Linux-3.10-el7.x86_64-x86_64-with-redhat-7.4-Maipo-x86_64-3.5.5-64/lock_dir
INFO (theano.gof.compilelock): Waiting for existing lock by process '39833' (I am process '11884')
INFO (theano.gof.compilelock): To manually release the lock, delete /mainfs/lyceum/grm1g17/.theano/compiledir_Linux-3.10-el7.x86_64-x86_64-with-redhat-7.4-Maipo-x86_64-3.5.5-64/lock_dir
INFO (theano.gof.compilelock): Waiting for existing lock by process '57000' (I am process '11884')
INFO (theano.gof.compilelock): To manually release the lock, delete /mainfs/lyceum/grm1g17/.theano/compiledir_Linux-3.10-el7.x86_64-x86_64-with-redhat-7.4-Maipo-x86_64-3.5.5-64/lock_dir
Train path is downloaded ...
Loading train data ...
Loading splits ...
Using configurations: 'pureConv'
Build model
Build eval function
Load parameters
Compute saliencies
0
1
2
3
4
Traceback (most recent call last):
  File "saliency.py", line 295, in <module>
    main_saliencies_jurtz()
  File "saliency.py", line 242, in main_saliencies_jurtz
    compute_tensor_jurtz(X[idx], mask[idx], args)
  File "saliency.py", line 208, in compute_tensor_jurtz
    get_gradients = theano.function(inputs=[sym_x], outputs=gradients)
  File "/lyceum/grm1g17/.conda/envs/localenv/lib/python3.5/site-packages/theano/compile/function.py", line 317, in function
    output_keys=output_keys)
  File "/lyceum/grm1g17/.conda/envs/localenv/lib/python3.5/site-packages/theano/compile/pfunc.py", line 486, in pfunc
    output_keys=output_keys)
  File "/lyceum/grm1g17/.conda/envs/localenv/lib/python3.5/site-packages/theano/compile/function_module.py", line 1841, in orig_function
    fn = m.create(defaults)
  File "/lyceum/grm1g17/.conda/envs/localenv/lib/python3.5/site-packages/theano/compile/function_module.py", line 1715, in create
    input_storage=input_storage_lists, storage_map=storage_map)
  File "/lyceum/grm1g17/.conda/envs/localenv/lib/python3.5/site-packages/theano/gof/link.py", line 699, in make_thunk
    storage_map=storage_map)[:3]
  File "/lyceum/grm1g17/.conda/envs/localenv/lib/python3.5/site-packages/theano/gof/vm.py", line 1091, in make_all
    impl=impl))
  File "/lyceum/grm1g17/.conda/envs/localenv/lib/python3.5/site-packages/theano/gof/op.py", line 955, in make_thunk
    no_recycling)
  File "/lyceum/grm1g17/.conda/envs/localenv/lib/python3.5/site-packages/theano/gof/op.py", line 858, in make_c_thunk
    output_storage=node_output_storage)
  File "/lyceum/grm1g17/.conda/envs/localenv/lib/python3.5/site-packages/theano/gof/cc.py", line 1217, in make_thunk
    keep_lock=keep_lock)
  File "/lyceum/grm1g17/.conda/envs/localenv/lib/python3.5/site-packages/theano/gof/cc.py", line 1157, in __compile__
    keep_lock=keep_lock)
  File "/lyceum/grm1g17/.conda/envs/localenv/lib/python3.5/site-packages/theano/gof/cc.py", line 1620, in cthunk_factory
    key=key, lnk=self, keep_lock=keep_lock)
  File "/lyceum/grm1g17/.conda/envs/localenv/lib/python3.5/site-packages/theano/gof/cmodule.py", line 1147, in module_from_key
    module = self._get_from_hash(module_hash, key, keep_lock=keep_lock)
  File "/lyceum/grm1g17/.conda/envs/localenv/lib/python3.5/site-packages/theano/gof/cmodule.py", line 1047, in _get_from_hash
    key_data.add_key(key, save_pkl=bool(key[0]))
  File "/lyceum/grm1g17/.conda/envs/localenv/lib/python3.5/site-packages/theano/gof/cmodule.py", line 511, in add_key
    self.save_pkl()
  File "/lyceum/grm1g17/.conda/envs/localenv/lib/python3.5/site-packages/theano/gof/cmodule.py", line 532, in save_pkl
    with open(self.key_pkl, 'wb') as f:
FileNotFoundError: [Errno 2] No such file or directory: '/mainfs/lyceum/grm1g17/.theano/compiledir_Linux-3.10-el7.x86_64-x86_64-with-redhat-7.4-Maipo-x86_64-3.5.5-64/tmpcmxpzz_u/key.pkl'
WARNING (theano.gof.cmodule): A module that was loaded by this ModuleCache can no longer be read from file /mainfs/lyceum/grm1g17/.theano/compiledir_Linux-3.10-el7.x86_64-x86_64-with-redhat-7.4-Maipo-x86_64-3.5.5-64/tmpcmxpzz_u/mb19a694cc37d1029d8d63ccd0be0906acade889e66b7829c3f40d2feb193a2bd.so... this could lead to problems.
WARNING (theano.gof.cmodule): Removing key file /mainfs/lyceum/grm1g17/.theano/compiledir_Linux-3.10-el7.x86_64-x86_64-with-redhat-7.4-Maipo-x86_64-3.5.5-64/tmpcmxpzz_u/key.pkl because the corresponding module is gone from the file system.
/lyceum/grm1g17/.conda/envs/localenv/lib/python3.5/importlib/_bootstrap.py:222: RuntimeWarning: numpy.dtype size changed, may indicate binary incompatibility. Expected 96, got 88
  return f(*args, **kwds)
Using cuDNN version 7005 on context None
Mapped name None to device cuda: GeForce GTX 1080 Ti (0000:82:00.0)
/lyceum/grm1g17/.conda/envs/localenv/lib/python3.5/importlib/_bootstrap.py:222: RuntimeWarning: numpy.dtype size changed, may indicate binary incompatibility. Expected 96, got 88
  return f(*args, **kwds)
Using Theano backend.
INFO (theano.gof.compilelock): Waiting for existing lock by process '1483' (I am process '12823')
INFO (theano.gof.compilelock): To manually release the lock, delete /mainfs/lyceum/grm1g17/.theano/compiledir_Linux-3.10-el7.x86_64-x86_64-with-redhat-7.4-Maipo-x86_64-3.5.5-64/lock_dir
INFO (theano.gof.compilelock): Waiting for existing lock by process '1483' (I am process '12823')
INFO (theano.gof.compilelock): To manually release the lock, delete /mainfs/lyceum/grm1g17/.theano/compiledir_Linux-3.10-el7.x86_64-x86_64-with-redhat-7.4-Maipo-x86_64-3.5.5-64/lock_dir
INFO (theano.gof.compilelock): Waiting for existing lock by process '1483' (I am process '12823')
INFO (theano.gof.compilelock): To manually release the lock, delete /mainfs/lyceum/grm1g17/.theano/compiledir_Linux-3.10-el7.x86_64-x86_64-with-redhat-7.4-Maipo-x86_64-3.5.5-64/lock_dir
INFO (theano.gof.compilelock): Waiting for existing lock by process '1483' (I am process '12823')
INFO (theano.gof.compilelock): To manually release the lock, delete /mainfs/lyceum/grm1g17/.theano/compiledir_Linux-3.10-el7.x86_64-x86_64-with-redhat-7.4-Maipo-x86_64-3.5.5-64/lock_dir
INFO (theano.gof.compilelock): Waiting for existing lock by process '1483' (I am process '12823')
INFO (theano.gof.compilelock): To manually release the lock, delete /mainfs/lyceum/grm1g17/.theano/compiledir_Linux-3.10-el7.x86_64-x86_64-with-redhat-7.4-Maipo-x86_64-3.5.5-64/lock_dir
INFO (theano.gof.compilelock): Waiting for existing lock by process '43340' (I am process '12823')
INFO (theano.gof.compilelock): To manually release the lock, delete /mainfs/lyceum/grm1g17/.theano/compiledir_Linux-3.10-el7.x86_64-x86_64-with-redhat-7.4-Maipo-x86_64-3.5.5-64/lock_dir
INFO (theano.gof.compilelock): Waiting for existing lock by process '43340' (I am process '12823')
INFO (theano.gof.compilelock): To manually release the lock, delete /mainfs/lyceum/grm1g17/.theano/compiledir_Linux-3.10-el7.x86_64-x86_64-with-redhat-7.4-Maipo-x86_64-3.5.5-64/lock_dir
INFO (theano.gof.compilelock): Waiting for existing lock by process '43340' (I am process '12823')
INFO (theano.gof.compilelock): To manually release the lock, delete /mainfs/lyceum/grm1g17/.theano/compiledir_Linux-3.10-el7.x86_64-x86_64-with-redhat-7.4-Maipo-x86_64-3.5.5-64/lock_dir
INFO (theano.gof.compilelock): Waiting for existing lock by process '43340' (I am process '12823')
INFO (theano.gof.compilelock): To manually release the lock, delete /mainfs/lyceum/grm1g17/.theano/compiledir_Linux-3.10-el7.x86_64-x86_64-with-redhat-7.4-Maipo-x86_64-3.5.5-64/lock_dir
INFO (theano.gof.compilelock): Waiting for existing lock by process '15215' (I am process '12823')
INFO (theano.gof.compilelock): To manually release the lock, delete /mainfs/lyceum/grm1g17/.theano/compiledir_Linux-3.10-el7.x86_64-x86_64-with-redhat-7.4-Maipo-x86_64-3.5.5-64/lock_dir
INFO (theano.gof.compilelock): Waiting for existing lock by process '43340' (I am process '12823')
INFO (theano.gof.compilelock): To manually release the lock, delete /mainfs/lyceum/grm1g17/.theano/compiledir_Linux-3.10-el7.x86_64-x86_64-with-redhat-7.4-Maipo-x86_64-3.5.5-64/lock_dir
INFO (theano.gof.compilelock): Waiting for existing lock by process '43340' (I am process '12823')
INFO (theano.gof.compilelock): To manually release the lock, delete /mainfs/lyceum/grm1g17/.theano/compiledir_Linux-3.10-el7.x86_64-x86_64-with-redhat-7.4-Maipo-x86_64-3.5.5-64/lock_dir
INFO (theano.gof.compilelock): Waiting for existing lock by process '15215' (I am process '12823')
INFO (theano.gof.compilelock): To manually release the lock, delete /mainfs/lyceum/grm1g17/.theano/compiledir_Linux-3.10-el7.x86_64-x86_64-with-redhat-7.4-Maipo-x86_64-3.5.5-64/lock_dir
INFO (theano.gof.compilelock): Waiting for existing lock by unknown process (I am process '12823')
INFO (theano.gof.compilelock): To manually release the lock, delete /mainfs/lyceum/grm1g17/.theano/compiledir_Linux-3.10-el7.x86_64-x86_64-with-redhat-7.4-Maipo-x86_64-3.5.5-64/lock_dir
INFO (theano.gof.compilelock): Waiting for existing lock by process '1483' (I am process '12823')
INFO (theano.gof.compilelock): To manually release the lock, delete /mainfs/lyceum/grm1g17/.theano/compiledir_Linux-3.10-el7.x86_64-x86_64-with-redhat-7.4-Maipo-x86_64-3.5.5-64/lock_dir
Train path is downloaded ...
Loading train data ...
Loading splits ...
Using configurations: 'pureConv'
Build model
Build eval function
Load parameters
Compute saliencies
0
1
2
3
4
5
Traceback (most recent call last):
  File "/lyceum/grm1g17/.conda/envs/localenv/lib/python3.5/site-packages/theano/compile/function_module.py", line 903, in __call__
    self.fn() if output_subset is None else\
  File "/lyceum/grm1g17/.conda/envs/localenv/lib/python3.5/site-packages/theano/scan_module/scan_op.py", line 963, in rval
    r = p(n, [x[0] for x in i], o)
  File "/lyceum/grm1g17/.conda/envs/localenv/lib/python3.5/site-packages/theano/scan_module/scan_op.py", line 952, in p
    self, node)
  File "theano/scan_module/scan_perform.pyx", line 522, in theano.scan_module.scan_perform.perform (/mainfs/lyceum/grm1g17/.theano/compiledir_Linux-3.10-el7.x86_64-x86_64-with-redhat-7.4-Maipo-x86_64-3.5.5-64/scan_perform/mod.cpp:6179)
  File "/lyceum/grm1g17/.conda/envs/localenv/lib/python3.5/site-packages/theano/gpuarray/type.py", line 375, in value_zeros
    context=self.context)
  File "pygpu/gpuarray.pyx", line 682, in pygpu.gpuarray.zeros
  File "pygpu/gpuarray.pyx", line 762, in pygpu.gpuarray.empty
  File "pygpu/gpuarray.pyx", line 700, in pygpu.gpuarray.pygpu_empty
  File "pygpu/gpuarray.pyx", line 301, in pygpu.gpuarray.array_empty
pygpu.gpuarray.GpuArrayException: b'cuMemAlloc: CUDA_ERROR_OUT_OF_MEMORY: out of memory'

During handling of the above exception, another exception occurred:

Traceback (most recent call last):
  File "saliency.py", line 295, in <module>
    main_saliencies_jurtz()
  File "saliency.py", line 242, in main_saliencies_jurtz
    compute_tensor_jurtz(X[idx], mask[idx], args)
  File "saliency.py", line 210, in compute_tensor_jurtz
    grads = get_gradients(X)
  File "/lyceum/grm1g17/.conda/envs/localenv/lib/python3.5/site-packages/theano/compile/function_module.py", line 917, in __call__
    storage_map=getattr(self.fn, 'storage_map', None))
  File "/lyceum/grm1g17/.conda/envs/localenv/lib/python3.5/site-packages/theano/gof/link.py", line 325, in raise_with_op
    reraise(exc_type, exc_value, exc_trace)
  File "/lyceum/grm1g17/.conda/envs/localenv/lib/python3.5/site-packages/six.py", line 692, in reraise
    raise value.with_traceback(tb)
  File "/lyceum/grm1g17/.conda/envs/localenv/lib/python3.5/site-packages/theano/compile/function_module.py", line 903, in __call__
    self.fn() if output_subset is None else\
  File "/lyceum/grm1g17/.conda/envs/localenv/lib/python3.5/site-packages/theano/scan_module/scan_op.py", line 963, in rval
    r = p(n, [x[0] for x in i], o)
  File "/lyceum/grm1g17/.conda/envs/localenv/lib/python3.5/site-packages/theano/scan_module/scan_op.py", line 952, in p
    self, node)
  File "theano/scan_module/scan_perform.pyx", line 522, in theano.scan_module.scan_perform.perform (/mainfs/lyceum/grm1g17/.theano/compiledir_Linux-3.10-el7.x86_64-x86_64-with-redhat-7.4-Maipo-x86_64-3.5.5-64/scan_perform/mod.cpp:6179)
  File "/lyceum/grm1g17/.conda/envs/localenv/lib/python3.5/site-packages/theano/gpuarray/type.py", line 375, in value_zeros
    context=self.context)
  File "pygpu/gpuarray.pyx", line 682, in pygpu.gpuarray.zeros
  File "pygpu/gpuarray.pyx", line 762, in pygpu.gpuarray.empty
  File "pygpu/gpuarray.pyx", line 700, in pygpu.gpuarray.pygpu_empty
  File "pygpu/gpuarray.pyx", line 301, in pygpu.gpuarray.array_empty
pygpu.gpuarray.GpuArrayException: b'cuMemAlloc: CUDA_ERROR_OUT_OF_MEMORY: out of memory'
Apply node that caused the error: for{gpu,scan_fn}(TensorConstant{588}, GpuArrayConstant{[  0   1   2   3   4   5   6   7   8   9  10  11  12  13  14  15  16  17
  18  19  20  21  22  23  24  25  26  27  28  29  30  31  32  33  34  35
  36  37  38  39  40  41  42  43  44  45  46  47  48  49  50  51  52  53
  54  55  56  57  58  59  60  61  62  63  64  65  66  67  68  69  70  71
  72  73  74  75  76  77  78  79  80  81  82  83  84  85  86  87  88  89
  90  91  92  93  94  95  96  97  98  99 100 101 102 103 104 105 106 107
 108 109 110 111 112 113 114 115 116 117 118 119 120 121 122 123 124 125
 126 127 128 129 130 131 132 133 134 135 136 137 138 139 140 141 142 143
 144 145 146 147 148 149 150 151 152 153 154 155 156 157 158 159 160 161
 162 163 164 165 166 167 168 169 170 171 172 173 174 175 176 177 178 179
 180 181 182 183 184 185 186 187 188 189 190 191 192 193 194 195 196 197
 198 199 200 201 202 203 204 205 206 207 208 209 210 211 212 213 214 215
 216 217 218 219 220 221 222 223 224 225 226 227 228 229 230 231 232 233
 234 235 236 237 238 239 240 241 242 243 244 245 246 247 248 249 250 251
 252 253 254 255 256 257 258 259 260 261 262 263 264 265 266 267 268 269
 270 271 272 273 274 275 276 277 278 279 280 281 282 283 284 285 286 287
 288 289 290 291 292 293 294 295 296 297 298 299 300 301 302 303 304 305
 306 307 308 309 310 311 312 313 314 315 316 317 318 319 320 321 322 323
 324 325 326 327 328 329 330 331 332 333 334 335 336 337 338 339 340 341
 342 343 344 345 346 347 348 349 350 351 352 353 354 355 356 357 358 359
 360 361 362 363 364 365 366 367 368 369 370 371 372 373 374 375 376 377
 378 379 380 381 382 383 384 385 386 387 388 389 390 391 392 393 394 395
 396 397 398 399 400 401 402 403 404 405 406 407 408 409 410 411 412 413
 414 415 416 417 418 419 420 421 422 423 424 425 426 427 428 429 430 431
 432 433 434 435 436 437 438 439 440 441 442 443 444 445 446 447 448 449
 450 451 452 453 454 455 456 457 458 459 460 461 462 463 464 465 466 467
 468 469 470 471 472 473 474 475 476 477 478 479 480 481 482 483 484 485
 486 487 488 489 490 491 492 493 494 495 496 497 498 499 500 501 502 503
 504 505 506 507 508 509 510 511 512 513 514 515 516 517 518 519 520 521
 522 523 524 525 526 527 528 529 530 531 532 533 534 535 536 537 538 539
 540 541 542 543 544 545 546 547 548 549 550 551 552 553 554 555 556 557
 558 559 560 561 562 563 564 565 566 567 568 569 570 571 572 573 574 575
 576 577 578 579 580 581 582 583 584 585 586 587]}, TensorConstant{588}, GpuSubtensor{int64, :int64:, int64}.0, GpuFromHost<None>.0, GpuElemwise{Composite{sqrt((i0 + i1))}}[]<gpuarray>.0, InplaceGpuDimShuffle{x,0,x}.0, InplaceGpuDimShuffle{0,1,x,2}.0, GpuElemwise{sgn}[]<gpuarray>.0, InplaceGpuDimShuffle{x,0,x}.0, GpuElemwise{Composite{sqrt((i0 + i1))}}[]<gpuarray>.0, InplaceGpuDimShuffle{0,1,x,2}.0, InplaceGpuDimShuffle{x,0,x}.0, GpuElemwise{Composite{sqrt((i0 + i1))}}[]<gpuarray>.0, InplaceGpuDimShuffle{0,1,x,2}.0, GpuFromHost<None>.0, InplaceGpuDimShuffle{x,0,x}.0, GpuElemwise{Composite{sqrt((i0 + i1))}}[]<gpuarray>.0, InplaceGpuDimShuffle{0,1,x,2}.0, InplaceGpuDimShuffle{x,0,x}.0, GpuElemwise{Composite{sqrt((i0 + i1))}}[]<gpuarray>.0, InplaceGpuDimShuffle{0,1,x,2}.0, InplaceGpuDimShuffle{x,0,x}.0, GpuElemwise{Composite{sqrt((i0 + i1))}}[]<gpuarray>.0, InplaceGpuDimShuffle{0,1,x,2}.0, GpuFromHost<None>.0, InplaceGpuDimShuffle{x,0,x}.0, GpuElemwise{Composite{sqrt((i0 + i1))}}[]<gpuarray>.0, InplaceGpuDimShuffle{0,1,x,2}.0, InplaceGpuDimShuffle{x,0,x}.0, GpuElemwise{Composite{sqrt((i0 + i1))}}[]<gpuarray>.0, InplaceGpuDimShuffle{0,1,x,2}.0, InplaceGpuDimShuffle{x,0,x}.0, GpuElemwise{Composite{sqrt((i0 + i1))}}[]<gpuarray>.0, InplaceGpuDimShuffle{0,1,x,2}.0, GpuFromHost<None>.0, GpuFromHost<None>.0, InplaceGpuDimShuffle{1,0}.0, GpuElemwise{Composite{sqrt((i0 + i1))}}[]<gpuarray>.0, InplaceGpuDimShuffle{x,0}.0, GpuElemwise{sgn}[]<gpuarray>.0, InplaceGpuDimShuffle{1,0}.0, GpuSoftmaxWithBias.0, GpuFromHost<None>.0, GpuElemwise{Sgn}[(0, 0)]<gpuarray>.0, Rebroadcast{?,?,0}.0, GpuElemwise{Sgn}[(0, 0)]<gpuarray>.0, GpuElemwise{Sgn}[(0, 0)]<gpuarray>.0, GpuElemwise{Sgn}[(0, 0)]<gpuarray>.0, GpuElemwise{Sgn}[(0, 0)]<gpuarray>.0, GpuElemwise{Sgn}[(0, 0)]<gpuarray>.0, GpuElemwise{Sgn}[(0, 0)]<gpuarray>.0, GpuElemwise{Sgn}[(0, 0)]<gpuarray>.0)
Toposort index: 293
Inputs types: [TensorType(int64, scalar), GpuArrayType<None>(int64, vector), TensorType(int64, scalar), GpuArrayType<None>(float32, vector), GpuArrayType<None>(int64, vector), GpuArrayType<None>(float32, (True, False, True)), GpuArrayType<None>(float32, (True, False, True)), GpuArrayType<None>(float32, (False, False, True, False)), GpuArrayType<None>(float32, 3D), GpuArrayType<None>(float32, (True, False, True)), GpuArrayType<None>(float32, (True, False, True)), GpuArrayType<None>(float32, (False, False, True, False)), GpuArrayType<None>(float32, (True, False, True)), GpuArrayType<None>(float32, (True, False, True)), GpuArrayType<None>(float32, (False, False, True, False)), GpuArrayType<None>(int64, vector), GpuArrayType<None>(float32, (True, False, True)), GpuArrayType<None>(float32, (True, False, True)), GpuArrayType<None>(float32, (False, False, True, False)), GpuArrayType<None>(float32, (True, False, True)), GpuArrayType<None>(float32, (True, False, True)), GpuArrayType<None>(float32, (False, False, True, False)), GpuArrayType<None>(float32, (True, False, True)), GpuArrayType<None>(float32, (True, False, True)), GpuArrayType<None>(float32, (False, False, True, False)), GpuArrayType<None>(int64, vector), GpuArrayType<None>(float32, (True, False, True)), GpuArrayType<None>(float32, (True, False, True)), GpuArrayType<None>(float32, (False, False, True, False)), GpuArrayType<None>(float32, (True, False, True)), GpuArrayType<None>(float32, (True, False, True)), GpuArrayType<None>(float32, (False, False, True, False)), GpuArrayType<None>(float32, (True, False, True)), GpuArrayType<None>(float32, (True, False, True)), GpuArrayType<None>(float32, (False, False, True, False)), GpuArrayType<None>(int64, vector), GpuArrayType<None>(int64, vector), GpuArrayType<None>(float32, matrix), GpuArrayType<None>(float32, row), GpuArrayType<None>(float32, row), GpuArrayType<None>(float32, matrix), GpuArrayType<None>(float32, matrix), GpuArrayType<None>(float32, matrix), GpuArrayType<None>(int64, vector), GpuArrayType<None>(float32, 3D), GpuArrayType<None>(float32, 4D), GpuArrayType<None>(float32, 3D), GpuArrayType<None>(float32, 3D), GpuArrayType<None>(float32, 3D), GpuArrayType<None>(float32, 3D), GpuArrayType<None>(float32, 3D), GpuArrayType<None>(float32, 3D), GpuArrayType<None>(float32, 3D)]
Inputs shapes: [(), (588,), (), (588,), (2,), (1, 16, 1), (1, 16, 1), (16, 42, 1, 7), (64, 16, 700), (1, 16, 1), (1, 16, 1), (16, 42, 1, 5), (1, 16, 1), (1, 16, 1), (16, 42, 1, 3), (2,), (1, 16, 1), (1, 16, 1), (16, 90, 1, 7), (1, 16, 1), (1, 16, 1), (16, 90, 1, 5), (1, 16, 1), (1, 16, 1), (16, 90, 1, 3), (2,), (1, 16, 1), (1, 16, 1), (16, 138, 1, 7), (1, 16, 1), (1, 16, 1), (16, 138, 1, 5), (1, 16, 1), (1, 16, 1), (16, 138, 1, 3), (2,), (3,), (200, 186), (1, 200), (1, 200), (44800, 200), (8, 200), (44800, 8), (2,), (64, 16, 700), (64, 16, 1, 700), (64, 16, 700), (64, 16, 700), (64, 16, 700), (64, 16, 700), (64, 16, 700), (64, 16, 700), (64, 16, 700)]
Inputs strides: [(), (8,), (), (32,), (8,), (64, 4, 4), (64, 4, 4), (1176, 28, 28, 4), (44800, 2800, 4), (64, 4, 4), (64, 4, 4), (840, 20, 20, 4), (64, 4, 4), (64, 4, 4), (504, 12, 12, 4), (8,), (64, 4, 4), (64, 4, 4), (2520, 28, 28, 4), (64, 4, 4), (64, 4, 4), (1800, 20, 20, 4), (64, 4, 4), (64, 4, 4), (1080, 12, 12, 4), (8,), (64, 4, 4), (64, 4, 4), (3864, 28, 28, 4), (64, 4, 4), (64, 4, 4), (2760, 20, 20, 4), (64, 4, 4), (64, 4, 4), (1656, 12, 12, 4), (8,), (8,), (4, 800), (800, 4), (800, 4), (800, 4), (4, 32), (32, 4), (8,), (44800, 2800, 4), (44800, 2800, 2800, 4), (44800, 2800, 4), (44800, 2800, 4), (44800, 2800, 4), (44800, 2800, 4), (44800, 2800, 4), (44800, 2800, 4), (44800, 2800, 4)]
Inputs values: [array(588), 'not shown', array(588), 'not shown', gpuarray.array([  1, 700]), 'not shown', 'not shown', 'not shown', 'not shown', 'not shown', 'not shown', 'not shown', 'not shown', 'not shown', 'not shown', gpuarray.array([42, 48]), 'not shown', 'not shown', 'not shown', 'not shown', 'not shown', 'not shown', 'not shown', 'not shown', 'not shown', gpuarray.array([48, 90]), 'not shown', 'not shown', 'not shown', 'not shown', 'not shown', 'not shown', 'not shown', 'not shown', 'not shown', gpuarray.array([ 48, 138]), gpuarray.array([ 64, 700, 186]), 'not shown', 'not shown', 'not shown', 'not shown', 'not shown', 'not shown', gpuarray.array([44800,     8]), 'not shown', 'not shown', 'not shown', 'not shown', 'not shown', 'not shown', 'not shown', 'not shown', 'not shown']
Outputs clients: [[HostFromGpu(gpuarray)(for{gpu,scan_fn}.0)]]

HINT: Re-running with most Theano optimization disabled could give you a back-trace of when this node was created. This can be done with by setting the Theano flag 'optimizer=fast_compile'. If that does not work, Theano optimizations can be disabled with 'optimizer=None'.
HINT: Use the Theano flag 'exception_verbosity=high' for a debugprint and storage map footprint of this apply node.
/lyceum/grm1g17/.conda/envs/localenv/lib/python3.5/importlib/_bootstrap.py:222: RuntimeWarning: numpy.dtype size changed, may indicate binary incompatibility. Expected 96, got 88
  return f(*args, **kwds)
INFO (theano.gof.compilelock): Waiting for existing lock by unknown process (I am process '13818')
INFO (theano.gof.compilelock): To manually release the lock, delete /mainfs/lyceum/grm1g17/.theano/compiledir_Linux-3.10-el7.x86_64-x86_64-with-redhat-7.4-Maipo-x86_64-3.5.5-64/lock_dir
Using cuDNN version 7005 on context None
Mapped name None to device cuda: GeForce GTX 1080 Ti (0000:82:00.0)
/lyceum/grm1g17/.conda/envs/localenv/lib/python3.5/importlib/_bootstrap.py:222: RuntimeWarning: numpy.dtype size changed, may indicate binary incompatibility. Expected 96, got 88
  return f(*args, **kwds)
Using Theano backend.
INFO (theano.gof.compilelock): Waiting for existing lock by process '15881' (I am process '13818')
INFO (theano.gof.compilelock): To manually release the lock, delete /mainfs/lyceum/grm1g17/.theano/compiledir_Linux-3.10-el7.x86_64-x86_64-with-redhat-7.4-Maipo-x86_64-3.5.5-64/lock_dir
INFO (theano.gof.compilelock): Waiting for existing lock by process '15881' (I am process '13818')
INFO (theano.gof.compilelock): To manually release the lock, delete /mainfs/lyceum/grm1g17/.theano/compiledir_Linux-3.10-el7.x86_64-x86_64-with-redhat-7.4-Maipo-x86_64-3.5.5-64/lock_dir
INFO (theano.gof.compilelock): Waiting for existing lock by process '15881' (I am process '13818')
INFO (theano.gof.compilelock): To manually release the lock, delete /mainfs/lyceum/grm1g17/.theano/compiledir_Linux-3.10-el7.x86_64-x86_64-with-redhat-7.4-Maipo-x86_64-3.5.5-64/lock_dir
INFO (theano.gof.compilelock): Waiting for existing lock by process '15881' (I am process '13818')
INFO (theano.gof.compilelock): To manually release the lock, delete /mainfs/lyceum/grm1g17/.theano/compiledir_Linux-3.10-el7.x86_64-x86_64-with-redhat-7.4-Maipo-x86_64-3.5.5-64/lock_dir
INFO (theano.gof.compilelock): Waiting for existing lock by process '15881' (I am process '13818')
INFO (theano.gof.compilelock): To manually release the lock, delete /mainfs/lyceum/grm1g17/.theano/compiledir_Linux-3.10-el7.x86_64-x86_64-with-redhat-7.4-Maipo-x86_64-3.5.5-64/lock_dir
INFO (theano.gof.compilelock): Waiting for existing lock by process '15881' (I am process '13818')
INFO (theano.gof.compilelock): To manually release the lock, delete /mainfs/lyceum/grm1g17/.theano/compiledir_Linux-3.10-el7.x86_64-x86_64-with-redhat-7.4-Maipo-x86_64-3.5.5-64/lock_dir
Train path is downloaded ...
Loading train data ...
Loading splits ...
Using configurations: 'pureConv'
Build model
Build eval function
Load parameters
Compute saliencies
0
1
2
3
4
5
Traceback (most recent call last):
  File "/lyceum/grm1g17/.conda/envs/localenv/lib/python3.5/site-packages/theano/compile/function_module.py", line 903, in __call__
    self.fn() if output_subset is None else\
  File "/lyceum/grm1g17/.conda/envs/localenv/lib/python3.5/site-packages/theano/scan_module/scan_op.py", line 963, in rval
    r = p(n, [x[0] for x in i], o)
  File "/lyceum/grm1g17/.conda/envs/localenv/lib/python3.5/site-packages/theano/scan_module/scan_op.py", line 952, in p
    self, node)
  File "theano/scan_module/scan_perform.pyx", line 522, in theano.scan_module.scan_perform.perform (/mainfs/lyceum/grm1g17/.theano/compiledir_Linux-3.10-el7.x86_64-x86_64-with-redhat-7.4-Maipo-x86_64-3.5.5-64/scan_perform/mod.cpp:6179)
  File "/lyceum/grm1g17/.conda/envs/localenv/lib/python3.5/site-packages/theano/gpuarray/type.py", line 375, in value_zeros
    context=self.context)
  File "pygpu/gpuarray.pyx", line 682, in pygpu.gpuarray.zeros
  File "pygpu/gpuarray.pyx", line 762, in pygpu.gpuarray.empty
  File "pygpu/gpuarray.pyx", line 700, in pygpu.gpuarray.pygpu_empty
  File "pygpu/gpuarray.pyx", line 301, in pygpu.gpuarray.array_empty
pygpu.gpuarray.GpuArrayException: b'cuMemAlloc: CUDA_ERROR_OUT_OF_MEMORY: out of memory'

During handling of the above exception, another exception occurred:

Traceback (most recent call last):
  File "saliency.py", line 295, in <module>
    main_saliencies_jurtz()
  File "saliency.py", line 242, in main_saliencies_jurtz
    compute_tensor_jurtz(X[idx], mask[idx], args)
  File "saliency.py", line 210, in compute_tensor_jurtz
    grads = get_gradients(X)
  File "/lyceum/grm1g17/.conda/envs/localenv/lib/python3.5/site-packages/theano/compile/function_module.py", line 917, in __call__
    storage_map=getattr(self.fn, 'storage_map', None))
  File "/lyceum/grm1g17/.conda/envs/localenv/lib/python3.5/site-packages/theano/gof/link.py", line 325, in raise_with_op
    reraise(exc_type, exc_value, exc_trace)
  File "/lyceum/grm1g17/.conda/envs/localenv/lib/python3.5/site-packages/six.py", line 692, in reraise
    raise value.with_traceback(tb)
  File "/lyceum/grm1g17/.conda/envs/localenv/lib/python3.5/site-packages/theano/compile/function_module.py", line 903, in __call__
    self.fn() if output_subset is None else\
  File "/lyceum/grm1g17/.conda/envs/localenv/lib/python3.5/site-packages/theano/scan_module/scan_op.py", line 963, in rval
    r = p(n, [x[0] for x in i], o)
  File "/lyceum/grm1g17/.conda/envs/localenv/lib/python3.5/site-packages/theano/scan_module/scan_op.py", line 952, in p
    self, node)
  File "theano/scan_module/scan_perform.pyx", line 522, in theano.scan_module.scan_perform.perform (/mainfs/lyceum/grm1g17/.theano/compiledir_Linux-3.10-el7.x86_64-x86_64-with-redhat-7.4-Maipo-x86_64-3.5.5-64/scan_perform/mod.cpp:6179)
  File "/lyceum/grm1g17/.conda/envs/localenv/lib/python3.5/site-packages/theano/gpuarray/type.py", line 375, in value_zeros
    context=self.context)
  File "pygpu/gpuarray.pyx", line 682, in pygpu.gpuarray.zeros
  File "pygpu/gpuarray.pyx", line 762, in pygpu.gpuarray.empty
  File "pygpu/gpuarray.pyx", line 700, in pygpu.gpuarray.pygpu_empty
  File "pygpu/gpuarray.pyx", line 301, in pygpu.gpuarray.array_empty
pygpu.gpuarray.GpuArrayException: b'cuMemAlloc: CUDA_ERROR_OUT_OF_MEMORY: out of memory'
Apply node that caused the error: for{gpu,scan_fn}(TensorConstant{588}, GpuArrayConstant{[  0   1   2   3   4   5   6   7   8   9  10  11  12  13  14  15  16  17
  18  19  20  21  22  23  24  25  26  27  28  29  30  31  32  33  34  35
  36  37  38  39  40  41  42  43  44  45  46  47  48  49  50  51  52  53
  54  55  56  57  58  59  60  61  62  63  64  65  66  67  68  69  70  71
  72  73  74  75  76  77  78  79  80  81  82  83  84  85  86  87  88  89
  90  91  92  93  94  95  96  97  98  99 100 101 102 103 104 105 106 107
 108 109 110 111 112 113 114 115 116 117 118 119 120 121 122 123 124 125
 126 127 128 129 130 131 132 133 134 135 136 137 138 139 140 141 142 143
 144 145 146 147 148 149 150 151 152 153 154 155 156 157 158 159 160 161
 162 163 164 165 166 167 168 169 170 171 172 173 174 175 176 177 178 179
 180 181 182 183 184 185 186 187 188 189 190 191 192 193 194 195 196 197
 198 199 200 201 202 203 204 205 206 207 208 209 210 211 212 213 214 215
 216 217 218 219 220 221 222 223 224 225 226 227 228 229 230 231 232 233
 234 235 236 237 238 239 240 241 242 243 244 245 246 247 248 249 250 251
 252 253 254 255 256 257 258 259 260 261 262 263 264 265 266 267 268 269
 270 271 272 273 274 275 276 277 278 279 280 281 282 283 284 285 286 287
 288 289 290 291 292 293 294 295 296 297 298 299 300 301 302 303 304 305
 306 307 308 309 310 311 312 313 314 315 316 317 318 319 320 321 322 323
 324 325 326 327 328 329 330 331 332 333 334 335 336 337 338 339 340 341
 342 343 344 345 346 347 348 349 350 351 352 353 354 355 356 357 358 359
 360 361 362 363 364 365 366 367 368 369 370 371 372 373 374 375 376 377
 378 379 380 381 382 383 384 385 386 387 388 389 390 391 392 393 394 395
 396 397 398 399 400 401 402 403 404 405 406 407 408 409 410 411 412 413
 414 415 416 417 418 419 420 421 422 423 424 425 426 427 428 429 430 431
 432 433 434 435 436 437 438 439 440 441 442 443 444 445 446 447 448 449
 450 451 452 453 454 455 456 457 458 459 460 461 462 463 464 465 466 467
 468 469 470 471 472 473 474 475 476 477 478 479 480 481 482 483 484 485
 486 487 488 489 490 491 492 493 494 495 496 497 498 499 500 501 502 503
 504 505 506 507 508 509 510 511 512 513 514 515 516 517 518 519 520 521
 522 523 524 525 526 527 528 529 530 531 532 533 534 535 536 537 538 539
 540 541 542 543 544 545 546 547 548 549 550 551 552 553 554 555 556 557
 558 559 560 561 562 563 564 565 566 567 568 569 570 571 572 573 574 575
 576 577 578 579 580 581 582 583 584 585 586 587]}, TensorConstant{588}, GpuSubtensor{int64, :int64:, int64}.0, GpuFromHost<None>.0, GpuElemwise{Composite{sqrt((i0 + i1))}}[]<gpuarray>.0, InplaceGpuDimShuffle{x,0,x}.0, InplaceGpuDimShuffle{0,1,x,2}.0, GpuElemwise{sgn}[]<gpuarray>.0, InplaceGpuDimShuffle{x,0,x}.0, GpuElemwise{Composite{sqrt((i0 + i1))}}[]<gpuarray>.0, InplaceGpuDimShuffle{0,1,x,2}.0, InplaceGpuDimShuffle{x,0,x}.0, GpuElemwise{Composite{sqrt((i0 + i1))}}[]<gpuarray>.0, InplaceGpuDimShuffle{0,1,x,2}.0, GpuFromHost<None>.0, InplaceGpuDimShuffle{x,0,x}.0, GpuElemwise{Composite{sqrt((i0 + i1))}}[]<gpuarray>.0, InplaceGpuDimShuffle{0,1,x,2}.0, InplaceGpuDimShuffle{x,0,x}.0, GpuElemwise{Composite{sqrt((i0 + i1))}}[]<gpuarray>.0, InplaceGpuDimShuffle{0,1,x,2}.0, InplaceGpuDimShuffle{x,0,x}.0, GpuElemwise{Composite{sqrt((i0 + i1))}}[]<gpuarray>.0, InplaceGpuDimShuffle{0,1,x,2}.0, GpuFromHost<None>.0, InplaceGpuDimShuffle{x,0,x}.0, GpuElemwise{Composite{sqrt((i0 + i1))}}[]<gpuarray>.0, InplaceGpuDimShuffle{0,1,x,2}.0, InplaceGpuDimShuffle{x,0,x}.0, GpuElemwise{Composite{sqrt((i0 + i1))}}[]<gpuarray>.0, InplaceGpuDimShuffle{0,1,x,2}.0, InplaceGpuDimShuffle{x,0,x}.0, GpuElemwise{Composite{sqrt((i0 + i1))}}[]<gpuarray>.0, InplaceGpuDimShuffle{0,1,x,2}.0, GpuFromHost<None>.0, GpuFromHost<None>.0, InplaceGpuDimShuffle{1,0}.0, GpuElemwise{Composite{sqrt((i0 + i1))}}[]<gpuarray>.0, InplaceGpuDimShuffle{x,0}.0, GpuElemwise{sgn}[]<gpuarray>.0, InplaceGpuDimShuffle{1,0}.0, GpuSoftmaxWithBias.0, GpuFromHost<None>.0, GpuElemwise{Sgn}[(0, 0)]<gpuarray>.0, Rebroadcast{?,?,0}.0, GpuElemwise{Sgn}[(0, 0)]<gpuarray>.0, GpuElemwise{Sgn}[(0, 0)]<gpuarray>.0, GpuElemwise{Sgn}[(0, 0)]<gpuarray>.0, GpuElemwise{Sgn}[(0, 0)]<gpuarray>.0, GpuElemwise{Sgn}[(0, 0)]<gpuarray>.0, GpuElemwise{Sgn}[(0, 0)]<gpuarray>.0, GpuElemwise{Sgn}[(0, 0)]<gpuarray>.0)
Toposort index: 293
Inputs types: [TensorType(int64, scalar), GpuArrayType<None>(int64, vector), TensorType(int64, scalar), GpuArrayType<None>(float32, vector), GpuArrayType<None>(int64, vector), GpuArrayType<None>(float32, (True, False, True)), GpuArrayType<None>(float32, (True, False, True)), GpuArrayType<None>(float32, (False, False, True, False)), GpuArrayType<None>(float32, 3D), GpuArrayType<None>(float32, (True, False, True)), GpuArrayType<None>(float32, (True, False, True)), GpuArrayType<None>(float32, (False, False, True, False)), GpuArrayType<None>(float32, (True, False, True)), GpuArrayType<None>(float32, (True, False, True)), GpuArrayType<None>(float32, (False, False, True, False)), GpuArrayType<None>(int64, vector), GpuArrayType<None>(float32, (True, False, True)), GpuArrayType<None>(float32, (True, False, True)), GpuArrayType<None>(float32, (False, False, True, False)), GpuArrayType<None>(float32, (True, False, True)), GpuArrayType<None>(float32, (True, False, True)), GpuArrayType<None>(float32, (False, False, True, False)), GpuArrayType<None>(float32, (True, False, True)), GpuArrayType<None>(float32, (True, False, True)), GpuArrayType<None>(float32, (False, False, True, False)), GpuArrayType<None>(int64, vector), GpuArrayType<None>(float32, (True, False, True)), GpuArrayType<None>(float32, (True, False, True)), GpuArrayType<None>(float32, (False, False, True, False)), GpuArrayType<None>(float32, (True, False, True)), GpuArrayType<None>(float32, (True, False, True)), GpuArrayType<None>(float32, (False, False, True, False)), GpuArrayType<None>(float32, (True, False, True)), GpuArrayType<None>(float32, (True, False, True)), GpuArrayType<None>(float32, (False, False, True, False)), GpuArrayType<None>(int64, vector), GpuArrayType<None>(int64, vector), GpuArrayType<None>(float32, matrix), GpuArrayType<None>(float32, row), GpuArrayType<None>(float32, row), GpuArrayType<None>(float32, matrix), GpuArrayType<None>(float32, matrix), GpuArrayType<None>(float32, matrix), GpuArrayType<None>(int64, vector), GpuArrayType<None>(float32, 3D), GpuArrayType<None>(float32, 4D), GpuArrayType<None>(float32, 3D), GpuArrayType<None>(float32, 3D), GpuArrayType<None>(float32, 3D), GpuArrayType<None>(float32, 3D), GpuArrayType<None>(float32, 3D), GpuArrayType<None>(float32, 3D), GpuArrayType<None>(float32, 3D)]
Inputs shapes: [(), (588,), (), (588,), (2,), (1, 16, 1), (1, 16, 1), (16, 42, 1, 7), (64, 16, 700), (1, 16, 1), (1, 16, 1), (16, 42, 1, 5), (1, 16, 1), (1, 16, 1), (16, 42, 1, 3), (2,), (1, 16, 1), (1, 16, 1), (16, 90, 1, 7), (1, 16, 1), (1, 16, 1), (16, 90, 1, 5), (1, 16, 1), (1, 16, 1), (16, 90, 1, 3), (2,), (1, 16, 1), (1, 16, 1), (16, 138, 1, 7), (1, 16, 1), (1, 16, 1), (16, 138, 1, 5), (1, 16, 1), (1, 16, 1), (16, 138, 1, 3), (2,), (3,), (200, 186), (1, 200), (1, 200), (44800, 200), (8, 200), (44800, 8), (2,), (64, 16, 700), (64, 16, 1, 700), (64, 16, 700), (64, 16, 700), (64, 16, 700), (64, 16, 700), (64, 16, 700), (64, 16, 700), (64, 16, 700)]
Inputs strides: [(), (8,), (), (32,), (8,), (64, 4, 4), (64, 4, 4), (1176, 28, 28, 4), (44800, 2800, 4), (64, 4, 4), (64, 4, 4), (840, 20, 20, 4), (64, 4, 4), (64, 4, 4), (504, 12, 12, 4), (8,), (64, 4, 4), (64, 4, 4), (2520, 28, 28, 4), (64, 4, 4), (64, 4, 4), (1800, 20, 20, 4), (64, 4, 4), (64, 4, 4), (1080, 12, 12, 4), (8,), (64, 4, 4), (64, 4, 4), (3864, 28, 28, 4), (64, 4, 4), (64, 4, 4), (2760, 20, 20, 4), (64, 4, 4), (64, 4, 4), (1656, 12, 12, 4), (8,), (8,), (4, 800), (800, 4), (800, 4), (800, 4), (4, 32), (32, 4), (8,), (44800, 2800, 4), (44800, 2800, 2800, 4), (44800, 2800, 4), (44800, 2800, 4), (44800, 2800, 4), (44800, 2800, 4), (44800, 2800, 4), (44800, 2800, 4), (44800, 2800, 4)]
Inputs values: [array(588), 'not shown', array(588), 'not shown', gpuarray.array([  1, 700]), 'not shown', 'not shown', 'not shown', 'not shown', 'not shown', 'not shown', 'not shown', 'not shown', 'not shown', 'not shown', gpuarray.array([42, 48]), 'not shown', 'not shown', 'not shown', 'not shown', 'not shown', 'not shown', 'not shown', 'not shown', 'not shown', gpuarray.array([48, 90]), 'not shown', 'not shown', 'not shown', 'not shown', 'not shown', 'not shown', 'not shown', 'not shown', 'not shown', gpuarray.array([ 48, 138]), gpuarray.array([ 64, 700, 186]), 'not shown', 'not shown', 'not shown', 'not shown', 'not shown', 'not shown', gpuarray.array([44800,     8]), 'not shown', 'not shown', 'not shown', 'not shown', 'not shown', 'not shown', 'not shown', 'not shown', 'not shown']
Outputs clients: [[HostFromGpu(gpuarray)(for{gpu,scan_fn}.0)]]

HINT: Re-running with most Theano optimization disabled could give you a back-trace of when this node was created. This can be done with by setting the Theano flag 'optimizer=fast_compile'. If that does not work, Theano optimizations can be disabled with 'optimizer=None'.
HINT: Use the Theano flag 'exception_verbosity=high' for a debugprint and storage map footprint of this apply node.
/lyceum/grm1g17/.conda/envs/localenv/lib/python3.5/importlib/_bootstrap.py:222: RuntimeWarning: numpy.dtype size changed, may indicate binary incompatibility. Expected 96, got 88
  return f(*args, **kwds)
Using cuDNN version 7005 on context None
Mapped name None to device cuda: GeForce GTX 1080 Ti (0000:82:00.0)
/lyceum/grm1g17/.conda/envs/localenv/lib/python3.5/importlib/_bootstrap.py:222: RuntimeWarning: numpy.dtype size changed, may indicate binary incompatibility. Expected 96, got 88
  return f(*args, **kwds)
Using Theano backend.
INFO (theano.gof.compilelock): Waiting for existing lock by process '16393' (I am process '14593')
INFO (theano.gof.compilelock): To manually release the lock, delete /mainfs/lyceum/grm1g17/.theano/compiledir_Linux-3.10-el7.x86_64-x86_64-with-redhat-7.4-Maipo-x86_64-3.5.5-64/lock_dir
INFO (theano.gof.compilelock): Waiting for existing lock by process '16393' (I am process '14593')
INFO (theano.gof.compilelock): To manually release the lock, delete /mainfs/lyceum/grm1g17/.theano/compiledir_Linux-3.10-el7.x86_64-x86_64-with-redhat-7.4-Maipo-x86_64-3.5.5-64/lock_dir
INFO (theano.gof.compilelock): Waiting for existing lock by process '16393' (I am process '14593')
INFO (theano.gof.compilelock): To manually release the lock, delete /mainfs/lyceum/grm1g17/.theano/compiledir_Linux-3.10-el7.x86_64-x86_64-with-redhat-7.4-Maipo-x86_64-3.5.5-64/lock_dir
Train path is downloaded ...
Loading train data ...
Loading splits ...
Using configurations: 'pureConv'
Build model
Build eval function
Load parameters
Compute saliencies
0
1
2
3
4
5
Traceback (most recent call last):
  File "/lyceum/grm1g17/.conda/envs/localenv/lib/python3.5/site-packages/theano/compile/function_module.py", line 903, in __call__
    self.fn() if output_subset is None else\
  File "/lyceum/grm1g17/.conda/envs/localenv/lib/python3.5/site-packages/theano/scan_module/scan_op.py", line 963, in rval
    r = p(n, [x[0] for x in i], o)
  File "/lyceum/grm1g17/.conda/envs/localenv/lib/python3.5/site-packages/theano/scan_module/scan_op.py", line 952, in p
    self, node)
  File "theano/scan_module/scan_perform.pyx", line 522, in theano.scan_module.scan_perform.perform (/mainfs/lyceum/grm1g17/.theano/compiledir_Linux-3.10-el7.x86_64-x86_64-with-redhat-7.4-Maipo-x86_64-3.5.5-64/scan_perform/mod.cpp:6179)
  File "/lyceum/grm1g17/.conda/envs/localenv/lib/python3.5/site-packages/theano/gpuarray/type.py", line 375, in value_zeros
    context=self.context)
  File "pygpu/gpuarray.pyx", line 682, in pygpu.gpuarray.zeros
  File "pygpu/gpuarray.pyx", line 762, in pygpu.gpuarray.empty
  File "pygpu/gpuarray.pyx", line 700, in pygpu.gpuarray.pygpu_empty
  File "pygpu/gpuarray.pyx", line 301, in pygpu.gpuarray.array_empty
pygpu.gpuarray.GpuArrayException: b'cuMemAlloc: CUDA_ERROR_OUT_OF_MEMORY: out of memory'

During handling of the above exception, another exception occurred:

Traceback (most recent call last):
  File "saliency.py", line 295, in <module>
    main_saliencies_jurtz()
  File "saliency.py", line 242, in main_saliencies_jurtz
    compute_tensor_jurtz(X[idx], mask[idx], args)
  File "saliency.py", line 210, in compute_tensor_jurtz
    grads = get_gradients(X)
  File "/lyceum/grm1g17/.conda/envs/localenv/lib/python3.5/site-packages/theano/compile/function_module.py", line 917, in __call__
    storage_map=getattr(self.fn, 'storage_map', None))
  File "/lyceum/grm1g17/.conda/envs/localenv/lib/python3.5/site-packages/theano/gof/link.py", line 325, in raise_with_op
    reraise(exc_type, exc_value, exc_trace)
  File "/lyceum/grm1g17/.conda/envs/localenv/lib/python3.5/site-packages/six.py", line 692, in reraise
    raise value.with_traceback(tb)
  File "/lyceum/grm1g17/.conda/envs/localenv/lib/python3.5/site-packages/theano/compile/function_module.py", line 903, in __call__
    self.fn() if output_subset is None else\
  File "/lyceum/grm1g17/.conda/envs/localenv/lib/python3.5/site-packages/theano/scan_module/scan_op.py", line 963, in rval
    r = p(n, [x[0] for x in i], o)
  File "/lyceum/grm1g17/.conda/envs/localenv/lib/python3.5/site-packages/theano/scan_module/scan_op.py", line 952, in p
    self, node)
  File "theano/scan_module/scan_perform.pyx", line 522, in theano.scan_module.scan_perform.perform (/mainfs/lyceum/grm1g17/.theano/compiledir_Linux-3.10-el7.x86_64-x86_64-with-redhat-7.4-Maipo-x86_64-3.5.5-64/scan_perform/mod.cpp:6179)
  File "/lyceum/grm1g17/.conda/envs/localenv/lib/python3.5/site-packages/theano/gpuarray/type.py", line 375, in value_zeros
    context=self.context)
  File "pygpu/gpuarray.pyx", line 682, in pygpu.gpuarray.zeros
  File "pygpu/gpuarray.pyx", line 762, in pygpu.gpuarray.empty
  File "pygpu/gpuarray.pyx", line 700, in pygpu.gpuarray.pygpu_empty
  File "pygpu/gpuarray.pyx", line 301, in pygpu.gpuarray.array_empty
pygpu.gpuarray.GpuArrayException: b'cuMemAlloc: CUDA_ERROR_OUT_OF_MEMORY: out of memory'
Apply node that caused the error: for{gpu,scan_fn}(TensorConstant{588}, GpuArrayConstant{[  0   1   2   3   4   5   6   7   8   9  10  11  12  13  14  15  16  17
  18  19  20  21  22  23  24  25  26  27  28  29  30  31  32  33  34  35
  36  37  38  39  40  41  42  43  44  45  46  47  48  49  50  51  52  53
  54  55  56  57  58  59  60  61  62  63  64  65  66  67  68  69  70  71
  72  73  74  75  76  77  78  79  80  81  82  83  84  85  86  87  88  89
  90  91  92  93  94  95  96  97  98  99 100 101 102 103 104 105 106 107
 108 109 110 111 112 113 114 115 116 117 118 119 120 121 122 123 124 125
 126 127 128 129 130 131 132 133 134 135 136 137 138 139 140 141 142 143
 144 145 146 147 148 149 150 151 152 153 154 155 156 157 158 159 160 161
 162 163 164 165 166 167 168 169 170 171 172 173 174 175 176 177 178 179
 180 181 182 183 184 185 186 187 188 189 190 191 192 193 194 195 196 197
 198 199 200 201 202 203 204 205 206 207 208 209 210 211 212 213 214 215
 216 217 218 219 220 221 222 223 224 225 226 227 228 229 230 231 232 233
 234 235 236 237 238 239 240 241 242 243 244 245 246 247 248 249 250 251
 252 253 254 255 256 257 258 259 260 261 262 263 264 265 266 267 268 269
 270 271 272 273 274 275 276 277 278 279 280 281 282 283 284 285 286 287
 288 289 290 291 292 293 294 295 296 297 298 299 300 301 302 303 304 305
 306 307 308 309 310 311 312 313 314 315 316 317 318 319 320 321 322 323
 324 325 326 327 328 329 330 331 332 333 334 335 336 337 338 339 340 341
 342 343 344 345 346 347 348 349 350 351 352 353 354 355 356 357 358 359
 360 361 362 363 364 365 366 367 368 369 370 371 372 373 374 375 376 377
 378 379 380 381 382 383 384 385 386 387 388 389 390 391 392 393 394 395
 396 397 398 399 400 401 402 403 404 405 406 407 408 409 410 411 412 413
 414 415 416 417 418 419 420 421 422 423 424 425 426 427 428 429 430 431
 432 433 434 435 436 437 438 439 440 441 442 443 444 445 446 447 448 449
 450 451 452 453 454 455 456 457 458 459 460 461 462 463 464 465 466 467
 468 469 470 471 472 473 474 475 476 477 478 479 480 481 482 483 484 485
 486 487 488 489 490 491 492 493 494 495 496 497 498 499 500 501 502 503
 504 505 506 507 508 509 510 511 512 513 514 515 516 517 518 519 520 521
 522 523 524 525 526 527 528 529 530 531 532 533 534 535 536 537 538 539
 540 541 542 543 544 545 546 547 548 549 550 551 552 553 554 555 556 557
 558 559 560 561 562 563 564 565 566 567 568 569 570 571 572 573 574 575
 576 577 578 579 580 581 582 583 584 585 586 587]}, TensorConstant{588}, GpuSubtensor{int64, :int64:, int64}.0, GpuFromHost<None>.0, GpuElemwise{Composite{sqrt((i0 + i1))}}[]<gpuarray>.0, InplaceGpuDimShuffle{x,0,x}.0, InplaceGpuDimShuffle{0,1,x,2}.0, GpuElemwise{sgn}[]<gpuarray>.0, InplaceGpuDimShuffle{x,0,x}.0, GpuElemwise{Composite{sqrt((i0 + i1))}}[]<gpuarray>.0, InplaceGpuDimShuffle{0,1,x,2}.0, InplaceGpuDimShuffle{x,0,x}.0, GpuElemwise{Composite{sqrt((i0 + i1))}}[]<gpuarray>.0, InplaceGpuDimShuffle{0,1,x,2}.0, GpuFromHost<None>.0, InplaceGpuDimShuffle{x,0,x}.0, GpuElemwise{Composite{sqrt((i0 + i1))}}[]<gpuarray>.0, InplaceGpuDimShuffle{0,1,x,2}.0, InplaceGpuDimShuffle{x,0,x}.0, GpuElemwise{Composite{sqrt((i0 + i1))}}[]<gpuarray>.0, InplaceGpuDimShuffle{0,1,x,2}.0, InplaceGpuDimShuffle{x,0,x}.0, GpuElemwise{Composite{sqrt((i0 + i1))}}[]<gpuarray>.0, InplaceGpuDimShuffle{0,1,x,2}.0, GpuFromHost<None>.0, InplaceGpuDimShuffle{x,0,x}.0, GpuElemwise{Composite{sqrt((i0 + i1))}}[]<gpuarray>.0, InplaceGpuDimShuffle{0,1,x,2}.0, InplaceGpuDimShuffle{x,0,x}.0, GpuElemwise{Composite{sqrt((i0 + i1))}}[]<gpuarray>.0, InplaceGpuDimShuffle{0,1,x,2}.0, InplaceGpuDimShuffle{x,0,x}.0, GpuElemwise{Composite{sqrt((i0 + i1))}}[]<gpuarray>.0, InplaceGpuDimShuffle{0,1,x,2}.0, GpuFromHost<None>.0, GpuFromHost<None>.0, InplaceGpuDimShuffle{1,0}.0, GpuElemwise{Composite{sqrt((i0 + i1))}}[]<gpuarray>.0, InplaceGpuDimShuffle{x,0}.0, GpuElemwise{sgn}[]<gpuarray>.0, InplaceGpuDimShuffle{1,0}.0, GpuSoftmaxWithBias.0, GpuFromHost<None>.0, GpuElemwise{Sgn}[(0, 0)]<gpuarray>.0, Rebroadcast{?,?,0}.0, GpuElemwise{Sgn}[(0, 0)]<gpuarray>.0, GpuElemwise{Sgn}[(0, 0)]<gpuarray>.0, GpuElemwise{Sgn}[(0, 0)]<gpuarray>.0, GpuElemwise{Sgn}[(0, 0)]<gpuarray>.0, GpuElemwise{Sgn}[(0, 0)]<gpuarray>.0, GpuElemwise{Sgn}[(0, 0)]<gpuarray>.0, GpuElemwise{Sgn}[(0, 0)]<gpuarray>.0)
Toposort index: 293
Inputs types: [TensorType(int64, scalar), GpuArrayType<None>(int64, vector), TensorType(int64, scalar), GpuArrayType<None>(float32, vector), GpuArrayType<None>(int64, vector), GpuArrayType<None>(float32, (True, False, True)), GpuArrayType<None>(float32, (True, False, True)), GpuArrayType<None>(float32, (False, False, True, False)), GpuArrayType<None>(float32, 3D), GpuArrayType<None>(float32, (True, False, True)), GpuArrayType<None>(float32, (True, False, True)), GpuArrayType<None>(float32, (False, False, True, False)), GpuArrayType<None>(float32, (True, False, True)), GpuArrayType<None>(float32, (True, False, True)), GpuArrayType<None>(float32, (False, False, True, False)), GpuArrayType<None>(int64, vector), GpuArrayType<None>(float32, (True, False, True)), GpuArrayType<None>(float32, (True, False, True)), GpuArrayType<None>(float32, (False, False, True, False)), GpuArrayType<None>(float32, (True, False, True)), GpuArrayType<None>(float32, (True, False, True)), GpuArrayType<None>(float32, (False, False, True, False)), GpuArrayType<None>(float32, (True, False, True)), GpuArrayType<None>(float32, (True, False, True)), GpuArrayType<None>(float32, (False, False, True, False)), GpuArrayType<None>(int64, vector), GpuArrayType<None>(float32, (True, False, True)), GpuArrayType<None>(float32, (True, False, True)), GpuArrayType<None>(float32, (False, False, True, False)), GpuArrayType<None>(float32, (True, False, True)), GpuArrayType<None>(float32, (True, False, True)), GpuArrayType<None>(float32, (False, False, True, False)), GpuArrayType<None>(float32, (True, False, True)), GpuArrayType<None>(float32, (True, False, True)), GpuArrayType<None>(float32, (False, False, True, False)), GpuArrayType<None>(int64, vector), GpuArrayType<None>(int64, vector), GpuArrayType<None>(float32, matrix), GpuArrayType<None>(float32, row), GpuArrayType<None>(float32, row), GpuArrayType<None>(float32, matrix), GpuArrayType<None>(float32, matrix), GpuArrayType<None>(float32, matrix), GpuArrayType<None>(int64, vector), GpuArrayType<None>(float32, 3D), GpuArrayType<None>(float32, 4D), GpuArrayType<None>(float32, 3D), GpuArrayType<None>(float32, 3D), GpuArrayType<None>(float32, 3D), GpuArrayType<None>(float32, 3D), GpuArrayType<None>(float32, 3D), GpuArrayType<None>(float32, 3D), GpuArrayType<None>(float32, 3D)]
Inputs shapes: [(), (588,), (), (588,), (2,), (1, 16, 1), (1, 16, 1), (16, 42, 1, 7), (64, 16, 700), (1, 16, 1), (1, 16, 1), (16, 42, 1, 5), (1, 16, 1), (1, 16, 1), (16, 42, 1, 3), (2,), (1, 16, 1), (1, 16, 1), (16, 90, 1, 7), (1, 16, 1), (1, 16, 1), (16, 90, 1, 5), (1, 16, 1), (1, 16, 1), (16, 90, 1, 3), (2,), (1, 16, 1), (1, 16, 1), (16, 138, 1, 7), (1, 16, 1), (1, 16, 1), (16, 138, 1, 5), (1, 16, 1), (1, 16, 1), (16, 138, 1, 3), (2,), (3,), (200, 186), (1, 200), (1, 200), (44800, 200), (8, 200), (44800, 8), (2,), (64, 16, 700), (64, 16, 1, 700), (64, 16, 700), (64, 16, 700), (64, 16, 700), (64, 16, 700), (64, 16, 700), (64, 16, 700), (64, 16, 700)]
Inputs strides: [(), (8,), (), (32,), (8,), (64, 4, 4), (64, 4, 4), (1176, 28, 28, 4), (44800, 2800, 4), (64, 4, 4), (64, 4, 4), (840, 20, 20, 4), (64, 4, 4), (64, 4, 4), (504, 12, 12, 4), (8,), (64, 4, 4), (64, 4, 4), (2520, 28, 28, 4), (64, 4, 4), (64, 4, 4), (1800, 20, 20, 4), (64, 4, 4), (64, 4, 4), (1080, 12, 12, 4), (8,), (64, 4, 4), (64, 4, 4), (3864, 28, 28, 4), (64, 4, 4), (64, 4, 4), (2760, 20, 20, 4), (64, 4, 4), (64, 4, 4), (1656, 12, 12, 4), (8,), (8,), (4, 800), (800, 4), (800, 4), (800, 4), (4, 32), (32, 4), (8,), (44800, 2800, 4), (44800, 2800, 2800, 4), (44800, 2800, 4), (44800, 2800, 4), (44800, 2800, 4), (44800, 2800, 4), (44800, 2800, 4), (44800, 2800, 4), (44800, 2800, 4)]
Inputs values: [array(588), 'not shown', array(588), 'not shown', gpuarray.array([  1, 700]), 'not shown', 'not shown', 'not shown', 'not shown', 'not shown', 'not shown', 'not shown', 'not shown', 'not shown', 'not shown', gpuarray.array([42, 48]), 'not shown', 'not shown', 'not shown', 'not shown', 'not shown', 'not shown', 'not shown', 'not shown', 'not shown', gpuarray.array([48, 90]), 'not shown', 'not shown', 'not shown', 'not shown', 'not shown', 'not shown', 'not shown', 'not shown', 'not shown', gpuarray.array([ 48, 138]), gpuarray.array([ 64, 700, 186]), 'not shown', 'not shown', 'not shown', 'not shown', 'not shown', 'not shown', gpuarray.array([44800,     8]), 'not shown', 'not shown', 'not shown', 'not shown', 'not shown', 'not shown', 'not shown', 'not shown', 'not shown']
Outputs clients: [[HostFromGpu(gpuarray)(for{gpu,scan_fn}.0)]]

HINT: Re-running with most Theano optimization disabled could give you a back-trace of when this node was created. This can be done with by setting the Theano flag 'optimizer=fast_compile'. If that does not work, Theano optimizations can be disabled with 'optimizer=None'.
HINT: Use the Theano flag 'exception_verbosity=high' for a debugprint and storage map footprint of this apply node.
/lyceum/grm1g17/.conda/envs/localenv/lib/python3.5/importlib/_bootstrap.py:222: RuntimeWarning: numpy.dtype size changed, may indicate binary incompatibility. Expected 96, got 88
  return f(*args, **kwds)
Using cuDNN version 7005 on context None
Mapped name None to device cuda: GeForce GTX 1080 Ti (0000:82:00.0)
/lyceum/grm1g17/.conda/envs/localenv/lib/python3.5/importlib/_bootstrap.py:222: RuntimeWarning: numpy.dtype size changed, may indicate binary incompatibility. Expected 96, got 88
  return f(*args, **kwds)
Using Theano backend.
INFO (theano.gof.compilelock): Waiting for existing lock by process '16891' (I am process '15277')
INFO (theano.gof.compilelock): To manually release the lock, delete /mainfs/lyceum/grm1g17/.theano/compiledir_Linux-3.10-el7.x86_64-x86_64-with-redhat-7.4-Maipo-x86_64-3.5.5-64/lock_dir
INFO (theano.gof.compilelock): Waiting for existing lock by process '16891' (I am process '15277')
INFO (theano.gof.compilelock): To manually release the lock, delete /mainfs/lyceum/grm1g17/.theano/compiledir_Linux-3.10-el7.x86_64-x86_64-with-redhat-7.4-Maipo-x86_64-3.5.5-64/lock_dir
INFO (theano.gof.compilelock): Waiting for existing lock by process '16891' (I am process '15277')
INFO (theano.gof.compilelock): To manually release the lock, delete /mainfs/lyceum/grm1g17/.theano/compiledir_Linux-3.10-el7.x86_64-x86_64-with-redhat-7.4-Maipo-x86_64-3.5.5-64/lock_dir
INFO (theano.gof.compilelock): Waiting for existing lock by process '16891' (I am process '15277')
INFO (theano.gof.compilelock): To manually release the lock, delete /mainfs/lyceum/grm1g17/.theano/compiledir_Linux-3.10-el7.x86_64-x86_64-with-redhat-7.4-Maipo-x86_64-3.5.5-64/lock_dir
INFO (theano.gof.compilelock): Waiting for existing lock by process '16891' (I am process '15277')
INFO (theano.gof.compilelock): To manually release the lock, delete /mainfs/lyceum/grm1g17/.theano/compiledir_Linux-3.10-el7.x86_64-x86_64-with-redhat-7.4-Maipo-x86_64-3.5.5-64/lock_dir
INFO (theano.gof.compilelock): Waiting for existing lock by process '3662' (I am process '15277')
INFO (theano.gof.compilelock): To manually release the lock, delete /mainfs/lyceum/grm1g17/.theano/compiledir_Linux-3.10-el7.x86_64-x86_64-with-redhat-7.4-Maipo-x86_64-3.5.5-64/lock_dir
INFO (theano.gof.compilelock): Waiting for existing lock by process '3662' (I am process '15277')
INFO (theano.gof.compilelock): To manually release the lock, delete /mainfs/lyceum/grm1g17/.theano/compiledir_Linux-3.10-el7.x86_64-x86_64-with-redhat-7.4-Maipo-x86_64-3.5.5-64/lock_dir
INFO (theano.gof.compilelock): Waiting for existing lock by process '3662' (I am process '15277')
INFO (theano.gof.compilelock): To manually release the lock, delete /mainfs/lyceum/grm1g17/.theano/compiledir_Linux-3.10-el7.x86_64-x86_64-with-redhat-7.4-Maipo-x86_64-3.5.5-64/lock_dir
INFO (theano.gof.compilelock): Waiting for existing lock by process '3662' (I am process '15277')
INFO (theano.gof.compilelock): To manually release the lock, delete /mainfs/lyceum/grm1g17/.theano/compiledir_Linux-3.10-el7.x86_64-x86_64-with-redhat-7.4-Maipo-x86_64-3.5.5-64/lock_dir
INFO (theano.gof.compilelock): Waiting for existing lock by process '3662' (I am process '15277')
INFO (theano.gof.compilelock): To manually release the lock, delete /mainfs/lyceum/grm1g17/.theano/compiledir_Linux-3.10-el7.x86_64-x86_64-with-redhat-7.4-Maipo-x86_64-3.5.5-64/lock_dir
INFO (theano.gof.compilelock): Waiting for existing lock by process '3662' (I am process '15277')
INFO (theano.gof.compilelock): To manually release the lock, delete /mainfs/lyceum/grm1g17/.theano/compiledir_Linux-3.10-el7.x86_64-x86_64-with-redhat-7.4-Maipo-x86_64-3.5.5-64/lock_dir
INFO (theano.gof.compilelock): Waiting for existing lock by process '3662' (I am process '15277')
INFO (theano.gof.compilelock): To manually release the lock, delete /mainfs/lyceum/grm1g17/.theano/compiledir_Linux-3.10-el7.x86_64-x86_64-with-redhat-7.4-Maipo-x86_64-3.5.5-64/lock_dir
Train path is downloaded ...
Loading train data ...
Loading splits ...
Using configurations: 'pureConv'
Build model
Build eval function
Load parameters
Compute saliencies
0
1
2
3
4
5
Traceback (most recent call last):
  File "/lyceum/grm1g17/.conda/envs/localenv/lib/python3.5/site-packages/theano/compile/function_module.py", line 903, in __call__
    self.fn() if output_subset is None else\
  File "/lyceum/grm1g17/.conda/envs/localenv/lib/python3.5/site-packages/theano/scan_module/scan_op.py", line 963, in rval
    r = p(n, [x[0] for x in i], o)
  File "/lyceum/grm1g17/.conda/envs/localenv/lib/python3.5/site-packages/theano/scan_module/scan_op.py", line 952, in p
    self, node)
  File "theano/scan_module/scan_perform.pyx", line 522, in theano.scan_module.scan_perform.perform (/mainfs/lyceum/grm1g17/.theano/compiledir_Linux-3.10-el7.x86_64-x86_64-with-redhat-7.4-Maipo-x86_64-3.5.5-64/scan_perform/mod.cpp:6179)
  File "/lyceum/grm1g17/.conda/envs/localenv/lib/python3.5/site-packages/theano/gpuarray/type.py", line 375, in value_zeros
    context=self.context)
  File "pygpu/gpuarray.pyx", line 682, in pygpu.gpuarray.zeros
  File "pygpu/gpuarray.pyx", line 762, in pygpu.gpuarray.empty
  File "pygpu/gpuarray.pyx", line 700, in pygpu.gpuarray.pygpu_empty
  File "pygpu/gpuarray.pyx", line 301, in pygpu.gpuarray.array_empty
pygpu.gpuarray.GpuArrayException: b'cuMemAlloc: CUDA_ERROR_OUT_OF_MEMORY: out of memory'

During handling of the above exception, another exception occurred:

Traceback (most recent call last):
  File "saliency.py", line 295, in <module>
    main_saliencies_jurtz()
  File "saliency.py", line 242, in main_saliencies_jurtz
    compute_tensor_jurtz(X[idx], mask[idx], args)
  File "saliency.py", line 210, in compute_tensor_jurtz
    grads = get_gradients(X)
  File "/lyceum/grm1g17/.conda/envs/localenv/lib/python3.5/site-packages/theano/compile/function_module.py", line 917, in __call__
    storage_map=getattr(self.fn, 'storage_map', None))
  File "/lyceum/grm1g17/.conda/envs/localenv/lib/python3.5/site-packages/theano/gof/link.py", line 325, in raise_with_op
    reraise(exc_type, exc_value, exc_trace)
  File "/lyceum/grm1g17/.conda/envs/localenv/lib/python3.5/site-packages/six.py", line 692, in reraise
    raise value.with_traceback(tb)
  File "/lyceum/grm1g17/.conda/envs/localenv/lib/python3.5/site-packages/theano/compile/function_module.py", line 903, in __call__
    self.fn() if output_subset is None else\
  File "/lyceum/grm1g17/.conda/envs/localenv/lib/python3.5/site-packages/theano/scan_module/scan_op.py", line 963, in rval
    r = p(n, [x[0] for x in i], o)
  File "/lyceum/grm1g17/.conda/envs/localenv/lib/python3.5/site-packages/theano/scan_module/scan_op.py", line 952, in p
    self, node)
  File "theano/scan_module/scan_perform.pyx", line 522, in theano.scan_module.scan_perform.perform (/mainfs/lyceum/grm1g17/.theano/compiledir_Linux-3.10-el7.x86_64-x86_64-with-redhat-7.4-Maipo-x86_64-3.5.5-64/scan_perform/mod.cpp:6179)
  File "/lyceum/grm1g17/.conda/envs/localenv/lib/python3.5/site-packages/theano/gpuarray/type.py", line 375, in value_zeros
    context=self.context)
  File "pygpu/gpuarray.pyx", line 682, in pygpu.gpuarray.zeros
  File "pygpu/gpuarray.pyx", line 762, in pygpu.gpuarray.empty
  File "pygpu/gpuarray.pyx", line 700, in pygpu.gpuarray.pygpu_empty
  File "pygpu/gpuarray.pyx", line 301, in pygpu.gpuarray.array_empty
pygpu.gpuarray.GpuArrayException: b'cuMemAlloc: CUDA_ERROR_OUT_OF_MEMORY: out of memory'
Apply node that caused the error: for{gpu,scan_fn}(TensorConstant{588}, GpuArrayConstant{[  0   1   2   3   4   5   6   7   8   9  10  11  12  13  14  15  16  17
  18  19  20  21  22  23  24  25  26  27  28  29  30  31  32  33  34  35
  36  37  38  39  40  41  42  43  44  45  46  47  48  49  50  51  52  53
  54  55  56  57  58  59  60  61  62  63  64  65  66  67  68  69  70  71
  72  73  74  75  76  77  78  79  80  81  82  83  84  85  86  87  88  89
  90  91  92  93  94  95  96  97  98  99 100 101 102 103 104 105 106 107
 108 109 110 111 112 113 114 115 116 117 118 119 120 121 122 123 124 125
 126 127 128 129 130 131 132 133 134 135 136 137 138 139 140 141 142 143
 144 145 146 147 148 149 150 151 152 153 154 155 156 157 158 159 160 161
 162 163 164 165 166 167 168 169 170 171 172 173 174 175 176 177 178 179
 180 181 182 183 184 185 186 187 188 189 190 191 192 193 194 195 196 197
 198 199 200 201 202 203 204 205 206 207 208 209 210 211 212 213 214 215
 216 217 218 219 220 221 222 223 224 225 226 227 228 229 230 231 232 233
 234 235 236 237 238 239 240 241 242 243 244 245 246 247 248 249 250 251
 252 253 254 255 256 257 258 259 260 261 262 263 264 265 266 267 268 269
 270 271 272 273 274 275 276 277 278 279 280 281 282 283 284 285 286 287
 288 289 290 291 292 293 294 295 296 297 298 299 300 301 302 303 304 305
 306 307 308 309 310 311 312 313 314 315 316 317 318 319 320 321 322 323
 324 325 326 327 328 329 330 331 332 333 334 335 336 337 338 339 340 341
 342 343 344 345 346 347 348 349 350 351 352 353 354 355 356 357 358 359
 360 361 362 363 364 365 366 367 368 369 370 371 372 373 374 375 376 377
 378 379 380 381 382 383 384 385 386 387 388 389 390 391 392 393 394 395
 396 397 398 399 400 401 402 403 404 405 406 407 408 409 410 411 412 413
 414 415 416 417 418 419 420 421 422 423 424 425 426 427 428 429 430 431
 432 433 434 435 436 437 438 439 440 441 442 443 444 445 446 447 448 449
 450 451 452 453 454 455 456 457 458 459 460 461 462 463 464 465 466 467
 468 469 470 471 472 473 474 475 476 477 478 479 480 481 482 483 484 485
 486 487 488 489 490 491 492 493 494 495 496 497 498 499 500 501 502 503
 504 505 506 507 508 509 510 511 512 513 514 515 516 517 518 519 520 521
 522 523 524 525 526 527 528 529 530 531 532 533 534 535 536 537 538 539
 540 541 542 543 544 545 546 547 548 549 550 551 552 553 554 555 556 557
 558 559 560 561 562 563 564 565 566 567 568 569 570 571 572 573 574 575
 576 577 578 579 580 581 582 583 584 585 586 587]}, TensorConstant{588}, GpuSubtensor{int64, :int64:, int64}.0, GpuFromHost<None>.0, GpuElemwise{Composite{sqrt((i0 + i1))}}[]<gpuarray>.0, InplaceGpuDimShuffle{x,0,x}.0, InplaceGpuDimShuffle{0,1,x,2}.0, GpuElemwise{sgn}[]<gpuarray>.0, InplaceGpuDimShuffle{x,0,x}.0, GpuElemwise{Composite{sqrt((i0 + i1))}}[]<gpuarray>.0, InplaceGpuDimShuffle{0,1,x,2}.0, InplaceGpuDimShuffle{x,0,x}.0, GpuElemwise{Composite{sqrt((i0 + i1))}}[]<gpuarray>.0, InplaceGpuDimShuffle{0,1,x,2}.0, GpuFromHost<None>.0, InplaceGpuDimShuffle{x,0,x}.0, GpuElemwise{Composite{sqrt((i0 + i1))}}[]<gpuarray>.0, InplaceGpuDimShuffle{0,1,x,2}.0, InplaceGpuDimShuffle{x,0,x}.0, GpuElemwise{Composite{sqrt((i0 + i1))}}[]<gpuarray>.0, InplaceGpuDimShuffle{0,1,x,2}.0, InplaceGpuDimShuffle{x,0,x}.0, GpuElemwise{Composite{sqrt((i0 + i1))}}[]<gpuarray>.0, InplaceGpuDimShuffle{0,1,x,2}.0, GpuFromHost<None>.0, InplaceGpuDimShuffle{x,0,x}.0, GpuElemwise{Composite{sqrt((i0 + i1))}}[]<gpuarray>.0, InplaceGpuDimShuffle{0,1,x,2}.0, InplaceGpuDimShuffle{x,0,x}.0, GpuElemwise{Composite{sqrt((i0 + i1))}}[]<gpuarray>.0, InplaceGpuDimShuffle{0,1,x,2}.0, InplaceGpuDimShuffle{x,0,x}.0, GpuElemwise{Composite{sqrt((i0 + i1))}}[]<gpuarray>.0, InplaceGpuDimShuffle{0,1,x,2}.0, GpuFromHost<None>.0, GpuFromHost<None>.0, InplaceGpuDimShuffle{1,0}.0, GpuElemwise{Composite{sqrt((i0 + i1))}}[]<gpuarray>.0, InplaceGpuDimShuffle{x,0}.0, GpuElemwise{sgn}[]<gpuarray>.0, InplaceGpuDimShuffle{1,0}.0, GpuSoftmaxWithBias.0, GpuFromHost<None>.0, GpuElemwise{Sgn}[(0, 0)]<gpuarray>.0, Rebroadcast{?,?,0}.0, GpuElemwise{Sgn}[(0, 0)]<gpuarray>.0, GpuElemwise{Sgn}[(0, 0)]<gpuarray>.0, GpuElemwise{Sgn}[(0, 0)]<gpuarray>.0, GpuElemwise{Sgn}[(0, 0)]<gpuarray>.0, GpuElemwise{Sgn}[(0, 0)]<gpuarray>.0, GpuElemwise{Sgn}[(0, 0)]<gpuarray>.0, GpuElemwise{Sgn}[(0, 0)]<gpuarray>.0)
Toposort index: 293
Inputs types: [TensorType(int64, scalar), GpuArrayType<None>(int64, vector), TensorType(int64, scalar), GpuArrayType<None>(float32, vector), GpuArrayType<None>(int64, vector), GpuArrayType<None>(float32, (True, False, True)), GpuArrayType<None>(float32, (True, False, True)), GpuArrayType<None>(float32, (False, False, True, False)), GpuArrayType<None>(float32, 3D), GpuArrayType<None>(float32, (True, False, True)), GpuArrayType<None>(float32, (True, False, True)), GpuArrayType<None>(float32, (False, False, True, False)), GpuArrayType<None>(float32, (True, False, True)), GpuArrayType<None>(float32, (True, False, True)), GpuArrayType<None>(float32, (False, False, True, False)), GpuArrayType<None>(int64, vector), GpuArrayType<None>(float32, (True, False, True)), GpuArrayType<None>(float32, (True, False, True)), GpuArrayType<None>(float32, (False, False, True, False)), GpuArrayType<None>(float32, (True, False, True)), GpuArrayType<None>(float32, (True, False, True)), GpuArrayType<None>(float32, (False, False, True, False)), GpuArrayType<None>(float32, (True, False, True)), GpuArrayType<None>(float32, (True, False, True)), GpuArrayType<None>(float32, (False, False, True, False)), GpuArrayType<None>(int64, vector), GpuArrayType<None>(float32, (True, False, True)), GpuArrayType<None>(float32, (True, False, True)), GpuArrayType<None>(float32, (False, False, True, False)), GpuArrayType<None>(float32, (True, False, True)), GpuArrayType<None>(float32, (True, False, True)), GpuArrayType<None>(float32, (False, False, True, False)), GpuArrayType<None>(float32, (True, False, True)), GpuArrayType<None>(float32, (True, False, True)), GpuArrayType<None>(float32, (False, False, True, False)), GpuArrayType<None>(int64, vector), GpuArrayType<None>(int64, vector), GpuArrayType<None>(float32, matrix), GpuArrayType<None>(float32, row), GpuArrayType<None>(float32, row), GpuArrayType<None>(float32, matrix), GpuArrayType<None>(float32, matrix), GpuArrayType<None>(float32, matrix), GpuArrayType<None>(int64, vector), GpuArrayType<None>(float32, 3D), GpuArrayType<None>(float32, 4D), GpuArrayType<None>(float32, 3D), GpuArrayType<None>(float32, 3D), GpuArrayType<None>(float32, 3D), GpuArrayType<None>(float32, 3D), GpuArrayType<None>(float32, 3D), GpuArrayType<None>(float32, 3D), GpuArrayType<None>(float32, 3D)]
Inputs shapes: [(), (588,), (), (588,), (2,), (1, 16, 1), (1, 16, 1), (16, 42, 1, 7), (64, 16, 700), (1, 16, 1), (1, 16, 1), (16, 42, 1, 5), (1, 16, 1), (1, 16, 1), (16, 42, 1, 3), (2,), (1, 16, 1), (1, 16, 1), (16, 90, 1, 7), (1, 16, 1), (1, 16, 1), (16, 90, 1, 5), (1, 16, 1), (1, 16, 1), (16, 90, 1, 3), (2,), (1, 16, 1), (1, 16, 1), (16, 138, 1, 7), (1, 16, 1), (1, 16, 1), (16, 138, 1, 5), (1, 16, 1), (1, 16, 1), (16, 138, 1, 3), (2,), (3,), (200, 186), (1, 200), (1, 200), (44800, 200), (8, 200), (44800, 8), (2,), (64, 16, 700), (64, 16, 1, 700), (64, 16, 700), (64, 16, 700), (64, 16, 700), (64, 16, 700), (64, 16, 700), (64, 16, 700), (64, 16, 700)]
Inputs strides: [(), (8,), (), (32,), (8,), (64, 4, 4), (64, 4, 4), (1176, 28, 28, 4), (44800, 2800, 4), (64, 4, 4), (64, 4, 4), (840, 20, 20, 4), (64, 4, 4), (64, 4, 4), (504, 12, 12, 4), (8,), (64, 4, 4), (64, 4, 4), (2520, 28, 28, 4), (64, 4, 4), (64, 4, 4), (1800, 20, 20, 4), (64, 4, 4), (64, 4, 4), (1080, 12, 12, 4), (8,), (64, 4, 4), (64, 4, 4), (3864, 28, 28, 4), (64, 4, 4), (64, 4, 4), (2760, 20, 20, 4), (64, 4, 4), (64, 4, 4), (1656, 12, 12, 4), (8,), (8,), (4, 800), (800, 4), (800, 4), (800, 4), (4, 32), (32, 4), (8,), (44800, 2800, 4), (44800, 2800, 2800, 4), (44800, 2800, 4), (44800, 2800, 4), (44800, 2800, 4), (44800, 2800, 4), (44800, 2800, 4), (44800, 2800, 4), (44800, 2800, 4)]
Inputs values: [array(588), 'not shown', array(588), 'not shown', gpuarray.array([  1, 700]), 'not shown', 'not shown', 'not shown', 'not shown', 'not shown', 'not shown', 'not shown', 'not shown', 'not shown', 'not shown', gpuarray.array([42, 48]), 'not shown', 'not shown', 'not shown', 'not shown', 'not shown', 'not shown', 'not shown', 'not shown', 'not shown', gpuarray.array([48, 90]), 'not shown', 'not shown', 'not shown', 'not shown', 'not shown', 'not shown', 'not shown', 'not shown', 'not shown', gpuarray.array([ 48, 138]), gpuarray.array([ 64, 700, 186]), 'not shown', 'not shown', 'not shown', 'not shown', 'not shown', 'not shown', gpuarray.array([44800,     8]), 'not shown', 'not shown', 'not shown', 'not shown', 'not shown', 'not shown', 'not shown', 'not shown', 'not shown']
Outputs clients: [[HostFromGpu(gpuarray)(for{gpu,scan_fn}.0)]]

HINT: Re-running with most Theano optimization disabled could give you a back-trace of when this node was created. This can be done with by setting the Theano flag 'optimizer=fast_compile'. If that does not work, Theano optimizations can be disabled with 'optimizer=None'.
HINT: Use the Theano flag 'exception_verbosity=high' for a debugprint and storage map footprint of this apply node.
==============================================================================
Running epilogue script on pink58.

Submit time  : 2018-08-04T22:42:09
Start time   : 2018-08-05T04:18:32
End time     : 2018-08-05T05:00:12
Elapsed time : 00:41:40 (Timelimit=05:40:00)

Job ID: 123886
Array Job ID: 123779_29
Cluster: i5
User/Group: grm1g17/fp
State: FAILED (exit code 1)
Nodes: 1
Cores per node: 14
CPU Utilized: 00:16:10
**** Please note that the CPU efficency of your job is less than 50% ****
**** Ask the HPC team for advice -- if you need it
**** CPU Efficiency: 2.77% of 09:43:20 core-walltime

Memory Utilized: 6.18 GB

